2025-09-25T14:39:35.824+05:30  INFO 16278 --- [main] com.example.banking.BankingApplication   : Starting BankingApplication using Java 21.0.7 with PID 16278 (/Users/vigneshramesh/IdeaProjects/SpringGradleDemoApp/build/classes/java/main started by vigneshramesh in /Users/vigneshramesh/IdeaProjects/SpringGradleDemoApp)
2025-09-25T14:39:35.825+05:30  INFO 16278 --- [main] com.example.banking.BankingApplication   : No active profile set, falling back to 1 default profile: "default"
2025-09-25T14:39:36.687+05:30  INFO 16278 --- [main] o.apache.catalina.core.StandardService   : Starting service [Tomcat]
2025-09-25T14:39:36.687+05:30  INFO 16278 --- [main] o.apache.catalina.core.StandardEngine    : Starting Servlet engine: [Apache Tomcat/10.1.44]
2025-09-25T14:39:36.718+05:30  INFO 16278 --- [main] o.a.c.c.C.[Tomcat].[localhost].[/]       : Initializing Spring embedded WebApplicationContext
2025-09-25T14:39:36.886+05:30  INFO 16278 --- [main] com.zaxxer.hikari.HikariDataSource       : HikariPool-1 - Starting...
2025-09-25T14:39:37.224+05:30  INFO 16278 --- [main] com.zaxxer.hikari.pool.HikariPool        : HikariPool-1 - Added connection oracle.jdbc.driver.T4CConnection@120df990
2025-09-25T14:39:37.225+05:30  INFO 16278 --- [main] com.zaxxer.hikari.HikariDataSource       : HikariPool-1 - Start completed.
2025-09-25T14:39:37.244+05:30  INFO 16278 --- [main] liquibase.database                       : Could not set remarks reporting on OracleDatabase: com.zaxxer.hikari.pool.HikariProxyConnection.setRemarksReporting(boolean)
2025-09-25T14:39:38.151+05:30  INFO 16278 --- [main] liquibase.changelog                      : Reading from GERALT.DATABASECHANGELOG
2025-09-25T14:39:38.174+05:30  INFO 16278 --- [main] liquibase.ui                             : Database is up to date, no changesets to execute
2025-09-25T14:39:38.175+05:30  INFO 16278 --- [main] liquibase.changelog                      : Reading from GERALT.DATABASECHANGELOG
2025-09-25T14:39:38.180+05:30  INFO 16278 --- [main] liquibase.util                           : UPDATE SUMMARY
2025-09-25T14:39:38.180+05:30  INFO 16278 --- [main] liquibase.util                           : Run:                          0
2025-09-25T14:39:38.180+05:30  INFO 16278 --- [main] liquibase.util                           : Previously run:               1
2025-09-25T14:39:38.180+05:30  INFO 16278 --- [main] liquibase.util                           : Filtered out:                 0
2025-09-25T14:39:38.180+05:30  INFO 16278 --- [main] liquibase.util                           : -------------------------------
2025-09-25T14:39:38.180+05:30  INFO 16278 --- [main] liquibase.util                           : Total change sets:            1
2025-09-25T14:39:38.180+05:30  INFO 16278 --- [main] liquibase.util                           : Update summary generated
2025-09-25T14:39:38.181+05:30  INFO 16278 --- [main] liquibase.command                        : Command execution complete
2025-09-25T14:39:39.604+05:30  INFO 16278 --- [main] o.hibernate.jpa.internal.util.LogHelper  : HHH000204: Processing PersistenceUnitInfo [name: default]
2025-09-25T14:39:39.635+05:30  INFO 16278 --- [main] org.hibernate.Version                    : HHH000412: Hibernate ORM core version 6.6.26.Final
2025-09-25T14:39:39.652+05:30  INFO 16278 --- [main] o.h.c.internal.RegionFactoryInitiator    : HHH000026: Second-level cache disabled
2025-09-25T14:39:39.825+05:30  WARN 16278 --- [main] org.hibernate.orm.deprecation            : HHH90000025: OracleDialect does not need to be specified explicitly using 'hibernate.dialect' (remove the property setting and it will be selected by default)
2025-09-25T14:39:39.846+05:30  INFO 16278 --- [main] org.hibernate.orm.connections.pooling    : HHH10001005: Database info:
	Database JDBC URL [Connecting through datasource 'HikariDataSource (HikariPool-1)']
	Database driver: undefined/unknown
	Database version: 19.19
	Autocommit mode: undefined/unknown
	Isolation level: undefined/unknown
	Minimum pool size: undefined/unknown
	Maximum pool size: undefined/unknown
2025-09-25T14:39:40.255+05:30  INFO 16278 --- [main] o.h.e.t.j.p.i.JtaPlatformInitiator       : HHH000489: No JTA platform available (set 'hibernate.transaction.jta.platform' to enable JTA platform integration)
2025-09-25T14:39:40.600+05:30  WARN 16278 --- [main] JpaBaseConfiguration$JpaWebConfiguration : spring.jpa.open-in-view is enabled by default. Therefore, database queries may be performed during view rendering. Explicitly configure spring.jpa.open-in-view to disable this warning
2025-09-25T14:39:40.695+05:30  WARN 16278 --- [main] .s.s.UserDetailsServiceAutoConfiguration : 

Using generated security password: 68ce9375-f9b0-440e-82f3-395ee1a1c33b

This generated password is for development use only. Your security configuration must be updated before running your application in production.

2025-09-25T14:39:41.045+05:30  INFO 16278 --- [main] com.example.banking.BankingApplication   : Started BankingApplication in 5.492 seconds (process running for 5.794)
2025-09-25T14:40:22.140+05:30  INFO 16278 --- [http-nio-8080-exec-2] o.a.c.c.C.[Tomcat].[localhost].[/]       : Initializing Spring DispatcherServlet 'dispatcherServlet'
2025-09-25T14:40:22.261+05:30  INFO 16278 --- [http-nio-8080-exec-2] c.e.banking.service.CreateUserService    : Attempting to create user with username: Cirilla
2025-09-25T14:40:22.261+05:30 DEBUG 16278 --- [http-nio-8080-exec-2] c.e.banking.service.CreateUserService    : User creation request received - Username: Cirilla, Email: ci***@gmail.com
2025-09-25T14:40:22.440+05:30 DEBUG 16278 --- [http-nio-8080-exec-2] c.e.banking.service.CreateUserService    : Password encoded successfully for user: Cirilla
2025-09-25T14:40:22.480+05:30  INFO 16278 --- [http-nio-8080-exec-2] c.e.banking.service.CreateUserService    : User created successfully - ID: 42, Username: Cirilla
2025-09-25T14:42:38.815+05:30  INFO 16278 --- [SpringApplicationShutdownHook] com.zaxxer.hikari.HikariDataSource       : HikariPool-1 - Shutdown initiated...
2025-09-25T14:42:38.948+05:30  INFO 16278 --- [SpringApplicationShutdownHook] com.zaxxer.hikari.HikariDataSource       : HikariPool-1 - Shutdown completed.
2025-09-25T14:42:41.839+05:30  INFO 16423 --- [main] com.example.banking.BankingApplication   : Starting BankingApplication using Java 21.0.7 with PID 16423 (/Users/vigneshramesh/IdeaProjects/SpringGradleDemoApp/build/classes/java/main started by vigneshramesh in /Users/vigneshramesh/IdeaProjects/SpringGradleDemoApp)
2025-09-25T14:42:41.840+05:30  INFO 16423 --- [main] com.example.banking.BankingApplication   : No active profile set, falling back to 1 default profile: "default"
2025-09-25T14:42:42.630+05:30  INFO 16423 --- [main] o.apache.catalina.core.StandardService   : Starting service [Tomcat]
2025-09-25T14:42:42.631+05:30  INFO 16423 --- [main] o.apache.catalina.core.StandardEngine    : Starting Servlet engine: [Apache Tomcat/10.1.44]
2025-09-25T14:42:42.669+05:30  INFO 16423 --- [main] o.a.c.c.C.[Tomcat].[localhost].[/]       : Initializing Spring embedded WebApplicationContext
2025-09-25T14:42:42.834+05:30  INFO 16423 --- [main] com.zaxxer.hikari.HikariDataSource       : HikariPool-1 - Starting...
2025-09-25T14:42:43.226+05:30  INFO 16423 --- [main] com.zaxxer.hikari.pool.HikariPool        : HikariPool-1 - Added connection oracle.jdbc.driver.T4CConnection@4d7cac24
2025-09-25T14:42:43.227+05:30  INFO 16423 --- [main] com.zaxxer.hikari.HikariDataSource       : HikariPool-1 - Start completed.
2025-09-25T14:42:43.248+05:30  INFO 16423 --- [main] liquibase.database                       : Could not set remarks reporting on OracleDatabase: com.zaxxer.hikari.pool.HikariProxyConnection.setRemarksReporting(boolean)
2025-09-25T14:42:43.975+05:30  INFO 16423 --- [main] liquibase.changelog                      : Reading from GERALT.DATABASECHANGELOG
2025-09-25T14:42:43.994+05:30  INFO 16423 --- [main] liquibase.ui                             : Database is up to date, no changesets to execute
2025-09-25T14:42:43.995+05:30  INFO 16423 --- [main] liquibase.changelog                      : Reading from GERALT.DATABASECHANGELOG
2025-09-25T14:42:43.999+05:30  INFO 16423 --- [main] liquibase.util                           : UPDATE SUMMARY
2025-09-25T14:42:44.000+05:30  INFO 16423 --- [main] liquibase.util                           : Run:                          0
2025-09-25T14:42:44.000+05:30  INFO 16423 --- [main] liquibase.util                           : Previously run:               1
2025-09-25T14:42:44.000+05:30  INFO 16423 --- [main] liquibase.util                           : Filtered out:                 0
2025-09-25T14:42:44.000+05:30  INFO 16423 --- [main] liquibase.util                           : -------------------------------
2025-09-25T14:42:44.000+05:30  INFO 16423 --- [main] liquibase.util                           : Total change sets:            1
2025-09-25T14:42:44.000+05:30  INFO 16423 --- [main] liquibase.util                           : Update summary generated
2025-09-25T14:42:44.000+05:30  INFO 16423 --- [main] liquibase.command                        : Command execution complete
2025-09-25T14:42:45.166+05:30  INFO 16423 --- [main] o.hibernate.jpa.internal.util.LogHelper  : HHH000204: Processing PersistenceUnitInfo [name: default]
2025-09-25T14:42:45.198+05:30  INFO 16423 --- [main] org.hibernate.Version                    : HHH000412: Hibernate ORM core version 6.6.26.Final
2025-09-25T14:42:45.214+05:30  INFO 16423 --- [main] o.h.c.internal.RegionFactoryInitiator    : HHH000026: Second-level cache disabled
2025-09-25T14:42:45.379+05:30  WARN 16423 --- [main] org.hibernate.orm.deprecation            : HHH90000025: OracleDialect does not need to be specified explicitly using 'hibernate.dialect' (remove the property setting and it will be selected by default)
2025-09-25T14:42:45.398+05:30  INFO 16423 --- [main] org.hibernate.orm.connections.pooling    : HHH10001005: Database info:
	Database JDBC URL [Connecting through datasource 'HikariDataSource (HikariPool-1)']
	Database driver: undefined/unknown
	Database version: 19.19
	Autocommit mode: undefined/unknown
	Isolation level: undefined/unknown
	Minimum pool size: undefined/unknown
	Maximum pool size: undefined/unknown
2025-09-25T14:42:45.811+05:30  INFO 16423 --- [main] o.h.e.t.j.p.i.JtaPlatformInitiator       : HHH000489: No JTA platform available (set 'hibernate.transaction.jta.platform' to enable JTA platform integration)
2025-09-25T14:42:46.134+05:30  WARN 16423 --- [main] JpaBaseConfiguration$JpaWebConfiguration : spring.jpa.open-in-view is enabled by default. Therefore, database queries may be performed during view rendering. Explicitly configure spring.jpa.open-in-view to disable this warning
2025-09-25T14:42:46.225+05:30  WARN 16423 --- [main] .s.s.UserDetailsServiceAutoConfiguration : 

Using generated security password: 51e66fce-2cc5-408b-a1b4-2e4ab6403b15

This generated password is for development use only. Your security configuration must be updated before running your application in production.

2025-09-25T14:42:46.557+05:30  INFO 16423 --- [main] com.example.banking.BankingApplication   : Started BankingApplication in 4.958 seconds (process running for 5.181)
2025-09-25T14:47:08.501+05:30  INFO 16423 --- [http-nio-8080-exec-2] o.a.c.c.C.[Tomcat].[localhost].[/]       : Initializing Spring DispatcherServlet 'dispatcherServlet'
2025-09-25T15:12:13.847+05:30  INFO 16423 --- [SpringApplicationShutdownHook] com.zaxxer.hikari.HikariDataSource       : HikariPool-1 - Shutdown initiated...
2025-09-25T15:12:14.055+05:30  INFO 16423 --- [SpringApplicationShutdownHook] com.zaxxer.hikari.HikariDataSource       : HikariPool-1 - Shutdown completed.
2025-09-25T15:12:18.533+05:30  INFO 17910 --- [main] com.example.banking.BankingApplication   : Starting BankingApplication using Java 21.0.7 with PID 17910 (/Users/vigneshramesh/IdeaProjects/SpringGradleDemoApp/build/classes/java/main started by vigneshramesh in /Users/vigneshramesh/IdeaProjects/SpringGradleDemoApp)
2025-09-25T15:12:18.534+05:30  INFO 17910 --- [main] com.example.banking.BankingApplication   : No active profile set, falling back to 1 default profile: "default"
2025-09-25T15:12:19.345+05:30  INFO 17910 --- [main] o.apache.catalina.core.StandardService   : Starting service [Tomcat]
2025-09-25T15:12:19.345+05:30  INFO 17910 --- [main] o.apache.catalina.core.StandardEngine    : Starting Servlet engine: [Apache Tomcat/10.1.44]
2025-09-25T15:12:19.381+05:30  INFO 17910 --- [main] o.a.c.c.C.[Tomcat].[localhost].[/]       : Initializing Spring embedded WebApplicationContext
2025-09-25T15:12:19.558+05:30  INFO 17910 --- [main] com.zaxxer.hikari.HikariDataSource       : HikariPool-1 - Starting...
2025-09-25T15:12:19.940+05:30  INFO 17910 --- [main] com.zaxxer.hikari.pool.HikariPool        : HikariPool-1 - Added connection oracle.jdbc.driver.T4CConnection@4d7cac24
2025-09-25T15:12:19.941+05:30  INFO 17910 --- [main] com.zaxxer.hikari.HikariDataSource       : HikariPool-1 - Start completed.
2025-09-25T15:12:19.958+05:30  INFO 17910 --- [main] liquibase.database                       : Could not set remarks reporting on OracleDatabase: com.zaxxer.hikari.pool.HikariProxyConnection.setRemarksReporting(boolean)
2025-09-25T15:12:20.869+05:30  INFO 17910 --- [main] liquibase.changelog                      : Reading from GERALT.DATABASECHANGELOG
2025-09-25T15:12:20.890+05:30  INFO 17910 --- [main] liquibase.ui                             : Database is up to date, no changesets to execute
2025-09-25T15:12:20.892+05:30  INFO 17910 --- [main] liquibase.changelog                      : Reading from GERALT.DATABASECHANGELOG
2025-09-25T15:12:20.897+05:30  INFO 17910 --- [main] liquibase.util                           : UPDATE SUMMARY
2025-09-25T15:12:20.897+05:30  INFO 17910 --- [main] liquibase.util                           : Run:                          0
2025-09-25T15:12:20.897+05:30  INFO 17910 --- [main] liquibase.util                           : Previously run:               1
2025-09-25T15:12:20.897+05:30  INFO 17910 --- [main] liquibase.util                           : Filtered out:                 0
2025-09-25T15:12:20.897+05:30  INFO 17910 --- [main] liquibase.util                           : -------------------------------
2025-09-25T15:12:20.897+05:30  INFO 17910 --- [main] liquibase.util                           : Total change sets:            1
2025-09-25T15:12:20.897+05:30  INFO 17910 --- [main] liquibase.util                           : Update summary generated
2025-09-25T15:12:20.898+05:30  INFO 17910 --- [main] liquibase.command                        : Command execution complete
2025-09-25T15:12:21.965+05:30  INFO 17910 --- [main] o.hibernate.jpa.internal.util.LogHelper  : HHH000204: Processing PersistenceUnitInfo [name: default]
2025-09-25T15:12:21.996+05:30  INFO 17910 --- [main] org.hibernate.Version                    : HHH000412: Hibernate ORM core version 6.6.26.Final
2025-09-25T15:12:22.015+05:30  INFO 17910 --- [main] o.h.c.internal.RegionFactoryInitiator    : HHH000026: Second-level cache disabled
2025-09-25T15:12:22.178+05:30  WARN 17910 --- [main] org.hibernate.orm.deprecation            : HHH90000025: OracleDialect does not need to be specified explicitly using 'hibernate.dialect' (remove the property setting and it will be selected by default)
2025-09-25T15:12:22.201+05:30  INFO 17910 --- [main] org.hibernate.orm.connections.pooling    : HHH10001005: Database info:
	Database JDBC URL [Connecting through datasource 'HikariDataSource (HikariPool-1)']
	Database driver: undefined/unknown
	Database version: 19.19
	Autocommit mode: undefined/unknown
	Isolation level: undefined/unknown
	Minimum pool size: undefined/unknown
	Maximum pool size: undefined/unknown
2025-09-25T15:12:22.622+05:30  INFO 17910 --- [main] o.h.e.t.j.p.i.JtaPlatformInitiator       : HHH000489: No JTA platform available (set 'hibernate.transaction.jta.platform' to enable JTA platform integration)
2025-09-25T15:12:22.955+05:30  WARN 17910 --- [main] JpaBaseConfiguration$JpaWebConfiguration : spring.jpa.open-in-view is enabled by default. Therefore, database queries may be performed during view rendering. Explicitly configure spring.jpa.open-in-view to disable this warning
2025-09-25T15:12:23.044+05:30  WARN 17910 --- [main] .s.s.UserDetailsServiceAutoConfiguration : 

Using generated security password: cd219a55-9653-40f0-b980-ac7f03905b07

This generated password is for development use only. Your security configuration must be updated before running your application in production.

2025-09-25T15:12:23.375+05:30  INFO 17910 --- [main] com.example.banking.BankingApplication   : Started BankingApplication in 5.131 seconds (process running for 5.477)
2025-09-25T15:12:34.407+05:30  INFO 17910 --- [http-nio-8080-exec-1] o.a.c.c.C.[Tomcat].[localhost].[/]       : Initializing Spring DispatcherServlet 'dispatcherServlet'
2025-09-25T15:12:34.571+05:30  INFO 17910 --- [http-nio-8080-exec-1] c.e.banking.service.CreateUserService    : Attempting to create user with username: Cirilla
2025-09-25T15:12:34.571+05:30 DEBUG 17910 --- [http-nio-8080-exec-1] c.e.banking.service.CreateUserService    : User creation request received - Username: Cirilla, Email: ci***@gmail.com
2025-09-25T15:12:34.854+05:30 DEBUG 17910 --- [http-nio-8080-exec-1] c.e.banking.service.CreateUserService    : Password encoded successfully for user: Cirilla
2025-09-25T15:12:34.934+05:30  INFO 17910 --- [http-nio-8080-exec-1] c.e.banking.service.CreateUserService    : User created successfully - ID: 43, Username: Cirilla
2025-09-25T15:13:30.512+05:30  INFO 17910 --- [SpringApplicationShutdownHook] com.zaxxer.hikari.HikariDataSource       : HikariPool-1 - Shutdown initiated...
2025-09-25T15:13:30.599+05:30  INFO 17910 --- [SpringApplicationShutdownHook] com.zaxxer.hikari.HikariDataSource       : HikariPool-1 - Shutdown completed.
2025-09-25T15:13:33.896+05:30  INFO 17997 --- [main] com.example.banking.BankingApplication   : Starting BankingApplication using Java 21.0.7 with PID 17997 (/Users/vigneshramesh/IdeaProjects/SpringGradleDemoApp/build/classes/java/main started by vigneshramesh in /Users/vigneshramesh/IdeaProjects/SpringGradleDemoApp)
2025-09-25T15:13:33.898+05:30  INFO 17997 --- [main] com.example.banking.BankingApplication   : No active profile set, falling back to 1 default profile: "default"
2025-09-25T15:13:34.935+05:30  INFO 17997 --- [main] o.apache.catalina.core.StandardService   : Starting service [Tomcat]
2025-09-25T15:13:34.935+05:30  INFO 17997 --- [main] o.apache.catalina.core.StandardEngine    : Starting Servlet engine: [Apache Tomcat/10.1.44]
2025-09-25T15:13:34.977+05:30  INFO 17997 --- [main] o.a.c.c.C.[Tomcat].[localhost].[/]       : Initializing Spring embedded WebApplicationContext
2025-09-25T15:13:35.159+05:30  INFO 17997 --- [main] com.zaxxer.hikari.HikariDataSource       : HikariPool-1 - Starting...
2025-09-25T15:13:35.486+05:30  INFO 17997 --- [main] com.zaxxer.hikari.pool.HikariPool        : HikariPool-1 - Added connection oracle.jdbc.driver.T4CConnection@4d7cac24
2025-09-25T15:13:35.487+05:30  INFO 17997 --- [main] com.zaxxer.hikari.HikariDataSource       : HikariPool-1 - Start completed.
2025-09-25T15:13:35.509+05:30  INFO 17997 --- [main] liquibase.database                       : Could not set remarks reporting on OracleDatabase: com.zaxxer.hikari.pool.HikariProxyConnection.setRemarksReporting(boolean)
2025-09-25T15:13:36.213+05:30  INFO 17997 --- [main] liquibase.changelog                      : Reading from GERALT.DATABASECHANGELOG
2025-09-25T15:13:36.232+05:30  INFO 17997 --- [main] liquibase.ui                             : Database is up to date, no changesets to execute
2025-09-25T15:13:36.233+05:30  INFO 17997 --- [main] liquibase.changelog                      : Reading from GERALT.DATABASECHANGELOG
2025-09-25T15:13:36.238+05:30  INFO 17997 --- [main] liquibase.util                           : UPDATE SUMMARY
2025-09-25T15:13:36.238+05:30  INFO 17997 --- [main] liquibase.util                           : Run:                          0
2025-09-25T15:13:36.238+05:30  INFO 17997 --- [main] liquibase.util                           : Previously run:               1
2025-09-25T15:13:36.238+05:30  INFO 17997 --- [main] liquibase.util                           : Filtered out:                 0
2025-09-25T15:13:36.238+05:30  INFO 17997 --- [main] liquibase.util                           : -------------------------------
2025-09-25T15:13:36.238+05:30  INFO 17997 --- [main] liquibase.util                           : Total change sets:            1
2025-09-25T15:13:36.238+05:30  INFO 17997 --- [main] liquibase.util                           : Update summary generated
2025-09-25T15:13:36.239+05:30  INFO 17997 --- [main] liquibase.command                        : Command execution complete
2025-09-25T15:13:37.342+05:30  INFO 17997 --- [main] o.hibernate.jpa.internal.util.LogHelper  : HHH000204: Processing PersistenceUnitInfo [name: default]
2025-09-25T15:13:37.427+05:30  INFO 17997 --- [main] org.hibernate.Version                    : HHH000412: Hibernate ORM core version 6.6.26.Final
2025-09-25T15:13:37.481+05:30  INFO 17997 --- [main] o.h.c.internal.RegionFactoryInitiator    : HHH000026: Second-level cache disabled
2025-09-25T15:13:37.959+05:30  WARN 17997 --- [main] org.hibernate.orm.deprecation            : HHH90000025: OracleDialect does not need to be specified explicitly using 'hibernate.dialect' (remove the property setting and it will be selected by default)
2025-09-25T15:13:37.983+05:30  INFO 17997 --- [main] org.hibernate.orm.connections.pooling    : HHH10001005: Database info:
	Database JDBC URL [Connecting through datasource 'HikariDataSource (HikariPool-1)']
	Database driver: undefined/unknown
	Database version: 19.19
	Autocommit mode: undefined/unknown
	Isolation level: undefined/unknown
	Minimum pool size: undefined/unknown
	Maximum pool size: undefined/unknown
2025-09-25T15:13:38.531+05:30  INFO 17997 --- [main] o.h.e.t.j.p.i.JtaPlatformInitiator       : HHH000489: No JTA platform available (set 'hibernate.transaction.jta.platform' to enable JTA platform integration)
2025-09-25T15:13:38.840+05:30  WARN 17997 --- [main] JpaBaseConfiguration$JpaWebConfiguration : spring.jpa.open-in-view is enabled by default. Therefore, database queries may be performed during view rendering. Explicitly configure spring.jpa.open-in-view to disable this warning
2025-09-25T15:13:38.934+05:30  WARN 17997 --- [main] .s.s.UserDetailsServiceAutoConfiguration : 

Using generated security password: 34a6e723-168e-4b47-97a9-cf3601690319

This generated password is for development use only. Your security configuration must be updated before running your application in production.

2025-09-25T15:13:39.293+05:30  INFO 17997 --- [main] com.example.banking.BankingApplication   : Started BankingApplication in 5.657 seconds (process running for 5.913)
2025-09-25T15:13:43.466+05:30  INFO 17997 --- [http-nio-8080-exec-2] o.a.c.c.C.[Tomcat].[localhost].[/]       : Initializing Spring DispatcherServlet 'dispatcherServlet'
2025-09-25T15:16:05.701+05:30  INFO 17997 --- [http-nio-8080-exec-6] c.e.banking.service.CreateUserService    : Attempting to create user with username: Cirilla
2025-09-25T15:16:05.702+05:30 DEBUG 17997 --- [http-nio-8080-exec-6] c.e.banking.service.CreateUserService    : User creation request received - Username: Cirilla, Email: ci***@gmail.com
2025-09-25T15:16:05.864+05:30 DEBUG 17997 --- [http-nio-8080-exec-6] c.e.banking.service.CreateUserService    : Password encoded successfully for user: Cirilla
2025-09-25T15:18:58.627+05:30  INFO 17997 --- [SpringApplicationShutdownHook] com.zaxxer.hikari.HikariDataSource       : HikariPool-1 - Shutdown initiated...
2025-09-25T15:18:58.805+05:30  INFO 17997 --- [SpringApplicationShutdownHook] com.zaxxer.hikari.HikariDataSource       : HikariPool-1 - Shutdown completed.
2025-09-25T15:19:01.855+05:30  INFO 18231 --- [main] com.example.banking.BankingApplication   : Starting BankingApplication using Java 21.0.7 with PID 18231 (/Users/vigneshramesh/IdeaProjects/SpringGradleDemoApp/build/classes/java/main started by vigneshramesh in /Users/vigneshramesh/IdeaProjects/SpringGradleDemoApp)
2025-09-25T15:19:01.856+05:30  INFO 18231 --- [main] com.example.banking.BankingApplication   : No active profile set, falling back to 1 default profile: "default"
2025-09-25T15:19:02.639+05:30  INFO 18231 --- [main] o.apache.catalina.core.StandardService   : Starting service [Tomcat]
2025-09-25T15:19:02.639+05:30  INFO 18231 --- [main] o.apache.catalina.core.StandardEngine    : Starting Servlet engine: [Apache Tomcat/10.1.44]
2025-09-25T15:19:02.671+05:30  INFO 18231 --- [main] o.a.c.c.C.[Tomcat].[localhost].[/]       : Initializing Spring embedded WebApplicationContext
2025-09-25T15:19:02.830+05:30  INFO 18231 --- [main] com.zaxxer.hikari.HikariDataSource       : HikariPool-1 - Starting...
2025-09-25T15:19:03.198+05:30  INFO 18231 --- [main] com.zaxxer.hikari.pool.HikariPool        : HikariPool-1 - Added connection oracle.jdbc.driver.T4CConnection@677349fb
2025-09-25T15:19:03.199+05:30  INFO 18231 --- [main] com.zaxxer.hikari.HikariDataSource       : HikariPool-1 - Start completed.
2025-09-25T15:19:03.217+05:30  INFO 18231 --- [main] liquibase.database                       : Could not set remarks reporting on OracleDatabase: com.zaxxer.hikari.pool.HikariProxyConnection.setRemarksReporting(boolean)
2025-09-25T15:19:03.945+05:30  INFO 18231 --- [main] liquibase.changelog                      : Reading from GERALT.DATABASECHANGELOG
2025-09-25T15:19:03.970+05:30  INFO 18231 --- [main] liquibase.ui                             : Database is up to date, no changesets to execute
2025-09-25T15:19:03.971+05:30  INFO 18231 --- [main] liquibase.changelog                      : Reading from GERALT.DATABASECHANGELOG
2025-09-25T15:19:03.976+05:30  INFO 18231 --- [main] liquibase.util                           : UPDATE SUMMARY
2025-09-25T15:19:03.977+05:30  INFO 18231 --- [main] liquibase.util                           : Run:                          0
2025-09-25T15:19:03.977+05:30  INFO 18231 --- [main] liquibase.util                           : Previously run:               1
2025-09-25T15:19:03.977+05:30  INFO 18231 --- [main] liquibase.util                           : Filtered out:                 0
2025-09-25T15:19:03.977+05:30  INFO 18231 --- [main] liquibase.util                           : -------------------------------
2025-09-25T15:19:03.977+05:30  INFO 18231 --- [main] liquibase.util                           : Total change sets:            1
2025-09-25T15:19:03.977+05:30  INFO 18231 --- [main] liquibase.util                           : Update summary generated
2025-09-25T15:19:03.978+05:30  INFO 18231 --- [main] liquibase.command                        : Command execution complete
2025-09-25T15:19:05.059+05:30  INFO 18231 --- [main] o.hibernate.jpa.internal.util.LogHelper  : HHH000204: Processing PersistenceUnitInfo [name: default]
2025-09-25T15:19:05.104+05:30  INFO 18231 --- [main] org.hibernate.Version                    : HHH000412: Hibernate ORM core version 6.6.26.Final
2025-09-25T15:19:05.122+05:30  INFO 18231 --- [main] o.h.c.internal.RegionFactoryInitiator    : HHH000026: Second-level cache disabled
2025-09-25T15:19:05.311+05:30  WARN 18231 --- [main] org.hibernate.orm.deprecation            : HHH90000025: OracleDialect does not need to be specified explicitly using 'hibernate.dialect' (remove the property setting and it will be selected by default)
2025-09-25T15:19:05.331+05:30  INFO 18231 --- [main] org.hibernate.orm.connections.pooling    : HHH10001005: Database info:
	Database JDBC URL [Connecting through datasource 'HikariDataSource (HikariPool-1)']
	Database driver: undefined/unknown
	Database version: 19.19
	Autocommit mode: undefined/unknown
	Isolation level: undefined/unknown
	Minimum pool size: undefined/unknown
	Maximum pool size: undefined/unknown
2025-09-25T15:19:05.813+05:30  INFO 18231 --- [main] o.h.e.t.j.p.i.JtaPlatformInitiator       : HHH000489: No JTA platform available (set 'hibernate.transaction.jta.platform' to enable JTA platform integration)
2025-09-25T15:19:06.149+05:30  WARN 18231 --- [main] JpaBaseConfiguration$JpaWebConfiguration : spring.jpa.open-in-view is enabled by default. Therefore, database queries may be performed during view rendering. Explicitly configure spring.jpa.open-in-view to disable this warning
2025-09-25T15:19:06.434+05:30  WARN 18231 --- [main] .s.s.UserDetailsServiceAutoConfiguration : 

Using generated security password: 8e79ea44-38b6-484d-b627-8af684d6101b

This generated password is for development use only. Your security configuration must be updated before running your application in production.

2025-09-25T15:19:07.044+05:30  INFO 18231 --- [main] com.example.banking.BankingApplication   : Started BankingApplication in 5.426 seconds (process running for 5.659)
2025-09-25T15:19:10.758+05:30  INFO 18231 --- [http-nio-8080-exec-1] o.a.c.c.C.[Tomcat].[localhost].[/]       : Initializing Spring DispatcherServlet 'dispatcherServlet'
2025-09-25T15:19:10.859+05:30  INFO 18231 --- [http-nio-8080-exec-1] c.e.banking.service.CreateUserService    : Attempting to create user with username: Cirilla
2025-09-25T15:19:10.859+05:30 DEBUG 18231 --- [http-nio-8080-exec-1] c.e.banking.service.CreateUserService    : User creation request received - Username: Cirilla, Email: ci***@gmail.com
2025-09-25T15:19:10.936+05:30  WARN 18231 --- [http-nio-8080-exec-1] c.e.banking.service.CreateUserService    : Email already exists: ci***@gmail.com
2025-09-25T15:20:44.990+05:30  INFO 18231 --- [http-nio-8080-exec-9] c.e.banking.service.CreateUserService    : Attempting to create user with username: Cirilla
2025-09-25T15:20:44.992+05:30 DEBUG 18231 --- [http-nio-8080-exec-9] c.e.banking.service.CreateUserService    : User creation request received - Username: Cirilla, Email: ci***@gmail.com
2025-09-25T15:20:45.123+05:30 DEBUG 18231 --- [http-nio-8080-exec-9] c.e.banking.service.CreateUserService    : Password encoded successfully for user: Cirilla
2025-09-25T15:20:45.161+05:30  INFO 18231 --- [http-nio-8080-exec-9] c.e.banking.service.CreateUserService    : User created successfully - ID: 45, Username: Cirilla
2025-09-25T19:42:55.824+05:30  INFO 18231 --- [SpringApplicationShutdownHook] com.zaxxer.hikari.HikariDataSource       : HikariPool-1 - Shutdown initiated...
2025-09-25T19:42:56.039+05:30  INFO 18231 --- [SpringApplicationShutdownHook] com.zaxxer.hikari.HikariDataSource       : HikariPool-1 - Shutdown completed.
2025-09-25T19:43:00.854+05:30  INFO 31052 --- [main] com.example.banking.BankingApplication   : Starting BankingApplication using Java 21.0.7 with PID 31052 (/Users/vigneshramesh/IdeaProjects/SpringGradleDemoApp/build/classes/java/main started by vigneshramesh in /Users/vigneshramesh/IdeaProjects/SpringGradleDemoApp)
2025-09-25T19:43:00.855+05:30  INFO 31052 --- [main] com.example.banking.BankingApplication   : No active profile set, falling back to 1 default profile: "default"
2025-09-25T19:43:01.691+05:30  INFO 31052 --- [main] o.apache.catalina.core.StandardService   : Starting service [Tomcat]
2025-09-25T19:43:01.691+05:30  INFO 31052 --- [main] o.apache.catalina.core.StandardEngine    : Starting Servlet engine: [Apache Tomcat/10.1.44]
2025-09-25T19:43:01.724+05:30  INFO 31052 --- [main] o.a.c.c.C.[Tomcat].[localhost].[/]       : Initializing Spring embedded WebApplicationContext
2025-09-25T19:43:01.907+05:30  INFO 31052 --- [main] com.zaxxer.hikari.HikariDataSource       : HikariPool-1 - Starting...
2025-09-25T19:43:02.269+05:30  INFO 31052 --- [main] com.zaxxer.hikari.pool.HikariPool        : HikariPool-1 - Added connection oracle.jdbc.driver.T4CConnection@24197b13
2025-09-25T19:43:02.269+05:30  INFO 31052 --- [main] com.zaxxer.hikari.HikariDataSource       : HikariPool-1 - Start completed.
2025-09-25T19:43:02.290+05:30  INFO 31052 --- [main] liquibase.database                       : Could not set remarks reporting on OracleDatabase: com.zaxxer.hikari.pool.HikariProxyConnection.setRemarksReporting(boolean)
2025-09-25T19:43:03.437+05:30  INFO 31052 --- [main] liquibase.changelog                      : Reading from GERALT.DATABASECHANGELOG
2025-09-25T19:43:03.462+05:30  INFO 31052 --- [main] liquibase.ui                             : Database is up to date, no changesets to execute
2025-09-25T19:43:03.464+05:30  INFO 31052 --- [main] liquibase.changelog                      : Reading from GERALT.DATABASECHANGELOG
2025-09-25T19:43:03.469+05:30  INFO 31052 --- [main] liquibase.util                           : UPDATE SUMMARY
2025-09-25T19:43:03.469+05:30  INFO 31052 --- [main] liquibase.util                           : Run:                          0
2025-09-25T19:43:03.469+05:30  INFO 31052 --- [main] liquibase.util                           : Previously run:               1
2025-09-25T19:43:03.469+05:30  INFO 31052 --- [main] liquibase.util                           : Filtered out:                 0
2025-09-25T19:43:03.469+05:30  INFO 31052 --- [main] liquibase.util                           : -------------------------------
2025-09-25T19:43:03.469+05:30  INFO 31052 --- [main] liquibase.util                           : Total change sets:            1
2025-09-25T19:43:03.469+05:30  INFO 31052 --- [main] liquibase.util                           : Update summary generated
2025-09-25T19:43:03.470+05:30  INFO 31052 --- [main] liquibase.command                        : Command execution complete
2025-09-25T19:43:04.534+05:30  INFO 31052 --- [main] o.hibernate.jpa.internal.util.LogHelper  : HHH000204: Processing PersistenceUnitInfo [name: default]
2025-09-25T19:43:04.588+05:30  INFO 31052 --- [main] org.hibernate.Version                    : HHH000412: Hibernate ORM core version 6.6.26.Final
2025-09-25T19:43:04.612+05:30  INFO 31052 --- [main] o.h.c.internal.RegionFactoryInitiator    : HHH000026: Second-level cache disabled
2025-09-25T19:43:04.894+05:30  WARN 31052 --- [main] org.hibernate.orm.deprecation            : HHH90000025: OracleDialect does not need to be specified explicitly using 'hibernate.dialect' (remove the property setting and it will be selected by default)
2025-09-25T19:43:04.923+05:30  INFO 31052 --- [main] org.hibernate.orm.connections.pooling    : HHH10001005: Database info:
	Database JDBC URL [Connecting through datasource 'HikariDataSource (HikariPool-1)']
	Database driver: undefined/unknown
	Database version: 19.19
	Autocommit mode: undefined/unknown
	Isolation level: undefined/unknown
	Minimum pool size: undefined/unknown
	Maximum pool size: undefined/unknown
2025-09-25T19:43:05.420+05:30  INFO 31052 --- [main] o.h.e.t.j.p.i.JtaPlatformInitiator       : HHH000489: No JTA platform available (set 'hibernate.transaction.jta.platform' to enable JTA platform integration)
2025-09-25T19:43:05.844+05:30  WARN 31052 --- [main] JpaBaseConfiguration$JpaWebConfiguration : spring.jpa.open-in-view is enabled by default. Therefore, database queries may be performed during view rendering. Explicitly configure spring.jpa.open-in-view to disable this warning
2025-09-25T19:43:05.941+05:30  WARN 31052 --- [main] .s.s.UserDetailsServiceAutoConfiguration : 

Using generated security password: 31cd869d-8c77-4dc8-a030-f52a77bfbf0f

This generated password is for development use only. Your security configuration must be updated before running your application in production.

2025-09-25T19:43:06.289+05:30  INFO 31052 --- [main] com.example.banking.BankingApplication   : Started BankingApplication in 5.685 seconds (process running for 5.926)
2025-09-25T19:44:43.075+05:30  INFO 31052 --- [http-nio-8080-exec-2] o.a.c.c.C.[Tomcat].[localhost].[/]       : Initializing Spring DispatcherServlet 'dispatcherServlet'
2025-09-25T19:44:43.170+05:30 ERROR 31052 --- [http-nio-8080-exec-2] o.a.c.c.C.[.[.[/].[dispatcherServlet]    : Servlet.service() for servlet [dispatcherServlet] in context with path [] threw exception [Request processing failed: jakarta.validation.UnexpectedTypeException: HV000030: No validator could be found for constraint 'jakarta.validation.constraints.NotBlank' validating type 'java.lang.Long'. Check configuration for 'findByUserId.id'] with root cause

jakarta.validation.UnexpectedTypeException: HV000030: No validator could be found for constraint 'jakarta.validation.constraints.NotBlank' validating type 'java.lang.Long'. Check configuration for 'findByUserId.id'
	at org.hibernate.validator.internal.engine.constraintvalidation.ConstraintTree.getExceptionForNullValidator(ConstraintTree.java:116) ~[hibernate-validator-8.0.3.Final.jar:8.0.3.Final]
	at org.hibernate.validator.internal.engine.constraintvalidation.ConstraintTree.getInitializedConstraintValidator(ConstraintTree.java:162) ~[hibernate-validator-8.0.3.Final.jar:8.0.3.Final]
	at org.hibernate.validator.internal.engine.constraintvalidation.SimpleConstraintTree.validateConstraints(SimpleConstraintTree.java:58) ~[hibernate-validator-8.0.3.Final.jar:8.0.3.Final]
	at org.hibernate.validator.internal.engine.constraintvalidation.ConstraintTree.validateConstraints(ConstraintTree.java:75) ~[hibernate-validator-8.0.3.Final.jar:8.0.3.Final]
	at org.hibernate.validator.internal.metadata.core.MetaConstraint.doValidateConstraint(MetaConstraint.java:130) ~[hibernate-validator-8.0.3.Final.jar:8.0.3.Final]
	at org.hibernate.validator.internal.metadata.core.MetaConstraint.validateConstraint(MetaConstraint.java:123) ~[hibernate-validator-8.0.3.Final.jar:8.0.3.Final]
	at org.hibernate.validator.internal.engine.ValidatorImpl.validateMetaConstraint(ValidatorImpl.java:555) ~[hibernate-validator-8.0.3.Final.jar:8.0.3.Final]
	at org.hibernate.validator.internal.engine.ValidatorImpl.validateMetaConstraints(ValidatorImpl.java:537) ~[hibernate-validator-8.0.3.Final.jar:8.0.3.Final]
	at org.hibernate.validator.internal.engine.ValidatorImpl.validateParametersForSingleGroup(ValidatorImpl.java:991) ~[hibernate-validator-8.0.3.Final.jar:8.0.3.Final]
	at org.hibernate.validator.internal.engine.ValidatorImpl.validateParametersForGroup(ValidatorImpl.java:932) ~[hibernate-validator-8.0.3.Final.jar:8.0.3.Final]
	at org.hibernate.validator.internal.engine.ValidatorImpl.validateParametersInContext(ValidatorImpl.java:863) ~[hibernate-validator-8.0.3.Final.jar:8.0.3.Final]
	at org.hibernate.validator.internal.engine.ValidatorImpl.validateParameters(ValidatorImpl.java:283) ~[hibernate-validator-8.0.3.Final.jar:8.0.3.Final]
	at org.hibernate.validator.internal.engine.ValidatorImpl.validateParameters(ValidatorImpl.java:235) ~[hibernate-validator-8.0.3.Final.jar:8.0.3.Final]
	at org.springframework.validation.beanvalidation.MethodValidationAdapter.invokeValidatorForArguments(MethodValidationAdapter.java:261) ~[spring-context-6.2.10.jar:6.2.10]
	at org.springframework.validation.beanvalidation.MethodValidationInterceptor.invoke(MethodValidationInterceptor.java:168) ~[spring-context-6.2.10.jar:6.2.10]
	at org.springframework.aop.framework.ReflectiveMethodInvocation.proceed(ReflectiveMethodInvocation.java:184) ~[spring-aop-6.2.10.jar:6.2.10]
	at org.springframework.aop.framework.CglibAopProxy$DynamicAdvisedInterceptor.intercept(CglibAopProxy.java:728) ~[spring-aop-6.2.10.jar:6.2.10]
	at com.example.banking.controller.AuthController$$SpringCGLIB$$0.findByUserId(<generated>) ~[main/:na]
	at java.base/jdk.internal.reflect.DirectMethodHandleAccessor.invoke(DirectMethodHandleAccessor.java:103) ~[na:na]
	at java.base/java.lang.reflect.Method.invoke(Method.java:580) ~[na:na]
	at org.springframework.web.method.support.InvocableHandlerMethod.doInvoke(InvocableHandlerMethod.java:258) ~[spring-web-6.2.10.jar:6.2.10]
	at org.springframework.web.method.support.InvocableHandlerMethod.invokeForRequest(InvocableHandlerMethod.java:191) ~[spring-web-6.2.10.jar:6.2.10]
	at org.springframework.web.servlet.mvc.method.annotation.ServletInvocableHandlerMethod.invokeAndHandle(ServletInvocableHandlerMethod.java:118) ~[spring-webmvc-6.2.10.jar:6.2.10]
	at org.springframework.web.servlet.mvc.method.annotation.RequestMappingHandlerAdapter.invokeHandlerMethod(RequestMappingHandlerAdapter.java:991) ~[spring-webmvc-6.2.10.jar:6.2.10]
	at org.springframework.web.servlet.mvc.method.annotation.RequestMappingHandlerAdapter.handleInternal(RequestMappingHandlerAdapter.java:896) ~[spring-webmvc-6.2.10.jar:6.2.10]
	at org.springframework.web.servlet.mvc.method.AbstractHandlerMethodAdapter.handle(AbstractHandlerMethodAdapter.java:87) ~[spring-webmvc-6.2.10.jar:6.2.10]
	at org.springframework.web.servlet.DispatcherServlet.doDispatch(DispatcherServlet.java:1089) ~[spring-webmvc-6.2.10.jar:6.2.10]
	at org.springframework.web.servlet.DispatcherServlet.doService(DispatcherServlet.java:979) ~[spring-webmvc-6.2.10.jar:6.2.10]
	at org.springframework.web.servlet.FrameworkServlet.processRequest(FrameworkServlet.java:1014) ~[spring-webmvc-6.2.10.jar:6.2.10]
	at org.springframework.web.servlet.FrameworkServlet.doGet(FrameworkServlet.java:903) ~[spring-webmvc-6.2.10.jar:6.2.10]
	at jakarta.servlet.http.HttpServlet.service(HttpServlet.java:564) ~[tomcat-embed-core-10.1.44.jar:6.0]
	at org.springframework.web.servlet.FrameworkServlet.service(FrameworkServlet.java:885) ~[spring-webmvc-6.2.10.jar:6.2.10]
	at jakarta.servlet.http.HttpServlet.service(HttpServlet.java:658) ~[tomcat-embed-core-10.1.44.jar:6.0]
	at org.apache.catalina.core.ApplicationFilterChain.internalDoFilter(ApplicationFilterChain.java:195) ~[tomcat-embed-core-10.1.44.jar:10.1.44]
	at org.apache.catalina.core.ApplicationFilterChain.doFilter(ApplicationFilterChain.java:140) ~[tomcat-embed-core-10.1.44.jar:10.1.44]
	at org.apache.tomcat.websocket.server.WsFilter.doFilter(WsFilter.java:51) ~[tomcat-embed-websocket-10.1.44.jar:10.1.44]
	at org.apache.catalina.core.ApplicationFilterChain.internalDoFilter(ApplicationFilterChain.java:164) ~[tomcat-embed-core-10.1.44.jar:10.1.44]
	at org.apache.catalina.core.ApplicationFilterChain.doFilter(ApplicationFilterChain.java:140) ~[tomcat-embed-core-10.1.44.jar:10.1.44]
	at org.springframework.web.filter.CompositeFilter$VirtualFilterChain.doFilter(CompositeFilter.java:108) ~[spring-web-6.2.10.jar:6.2.10]
	at org.springframework.web.filter.CompositeFilter$VirtualFilterChain.doFilter(CompositeFilter.java:108) ~[spring-web-6.2.10.jar:6.2.10]
	at org.springframework.security.web.FilterChainProxy.lambda$doFilterInternal$3(FilterChainProxy.java:231) ~[spring-security-web-6.5.3.jar:6.5.3]
	at org.springframework.security.web.FilterChainProxy$VirtualFilterChain.doFilter(FilterChainProxy.java:365) ~[spring-security-web-6.5.3.jar:6.5.3]
	at org.springframework.security.web.access.intercept.AuthorizationFilter.doFilter(AuthorizationFilter.java:101) ~[spring-security-web-6.5.3.jar:6.5.3]
	at org.springframework.security.web.FilterChainProxy$VirtualFilterChain.doFilter(FilterChainProxy.java:374) ~[spring-security-web-6.5.3.jar:6.5.3]
	at org.springframework.security.web.access.ExceptionTranslationFilter.doFilter(ExceptionTranslationFilter.java:125) ~[spring-security-web-6.5.3.jar:6.5.3]
	at org.springframework.security.web.access.ExceptionTranslationFilter.doFilter(ExceptionTranslationFilter.java:119) ~[spring-security-web-6.5.3.jar:6.5.3]
	at org.springframework.security.web.FilterChainProxy$VirtualFilterChain.doFilter(FilterChainProxy.java:374) ~[spring-security-web-6.5.3.jar:6.5.3]
	at org.springframework.security.web.authentication.AnonymousAuthenticationFilter.doFilter(AnonymousAuthenticationFilter.java:100) ~[spring-security-web-6.5.3.jar:6.5.3]
	at org.springframework.security.web.FilterChainProxy$VirtualFilterChain.doFilter(FilterChainProxy.java:374) ~[spring-security-web-6.5.3.jar:6.5.3]
	at org.springframework.security.web.servletapi.SecurityContextHolderAwareRequestFilter.doFilter(SecurityContextHolderAwareRequestFilter.java:179) ~[spring-security-web-6.5.3.jar:6.5.3]
	at org.springframework.security.web.FilterChainProxy$VirtualFilterChain.doFilter(FilterChainProxy.java:374) ~[spring-security-web-6.5.3.jar:6.5.3]
	at org.springframework.security.web.savedrequest.RequestCacheAwareFilter.doFilter(RequestCacheAwareFilter.java:63) ~[spring-security-web-6.5.3.jar:6.5.3]
	at org.springframework.security.web.FilterChainProxy$VirtualFilterChain.doFilter(FilterChainProxy.java:374) ~[spring-security-web-6.5.3.jar:6.5.3]
	at org.springframework.security.web.authentication.logout.LogoutFilter.doFilter(LogoutFilter.java:107) ~[spring-security-web-6.5.3.jar:6.5.3]
	at org.springframework.security.web.authentication.logout.LogoutFilter.doFilter(LogoutFilter.java:93) ~[spring-security-web-6.5.3.jar:6.5.3]
	at org.springframework.security.web.FilterChainProxy$VirtualFilterChain.doFilter(FilterChainProxy.java:374) ~[spring-security-web-6.5.3.jar:6.5.3]
	at org.springframework.web.filter.OncePerRequestFilter.doFilter(OncePerRequestFilter.java:110) ~[spring-web-6.2.10.jar:6.2.10]
	at org.springframework.security.web.FilterChainProxy$VirtualFilterChain.doFilter(FilterChainProxy.java:374) ~[spring-security-web-6.5.3.jar:6.5.3]
	at org.springframework.web.filter.CorsFilter.doFilterInternal(CorsFilter.java:91) ~[spring-web-6.2.10.jar:6.2.10]
	at org.springframework.web.filter.OncePerRequestFilter.doFilter(OncePerRequestFilter.java:116) ~[spring-web-6.2.10.jar:6.2.10]
	at org.springframework.security.web.FilterChainProxy$VirtualFilterChain.doFilter(FilterChainProxy.java:374) ~[spring-security-web-6.5.3.jar:6.5.3]
	at org.springframework.security.web.header.HeaderWriterFilter.doHeadersAfter(HeaderWriterFilter.java:90) ~[spring-security-web-6.5.3.jar:6.5.3]
	at org.springframework.security.web.header.HeaderWriterFilter.doFilterInternal(HeaderWriterFilter.java:75) ~[spring-security-web-6.5.3.jar:6.5.3]
	at org.springframework.web.filter.OncePerRequestFilter.doFilter(OncePerRequestFilter.java:116) ~[spring-web-6.2.10.jar:6.2.10]
	at org.springframework.security.web.FilterChainProxy$VirtualFilterChain.doFilter(FilterChainProxy.java:374) ~[spring-security-web-6.5.3.jar:6.5.3]
	at org.springframework.security.web.context.SecurityContextHolderFilter.doFilter(SecurityContextHolderFilter.java:82) ~[spring-security-web-6.5.3.jar:6.5.3]
	at org.springframework.security.web.context.SecurityContextHolderFilter.doFilter(SecurityContextHolderFilter.java:69) ~[spring-security-web-6.5.3.jar:6.5.3]
	at org.springframework.security.web.FilterChainProxy$VirtualFilterChain.doFilter(FilterChainProxy.java:374) ~[spring-security-web-6.5.3.jar:6.5.3]
	at org.springframework.security.web.context.request.async.WebAsyncManagerIntegrationFilter.doFilterInternal(WebAsyncManagerIntegrationFilter.java:62) ~[spring-security-web-6.5.3.jar:6.5.3]
	at org.springframework.web.filter.OncePerRequestFilter.doFilter(OncePerRequestFilter.java:116) ~[spring-web-6.2.10.jar:6.2.10]
	at org.springframework.security.web.FilterChainProxy$VirtualFilterChain.doFilter(FilterChainProxy.java:374) ~[spring-security-web-6.5.3.jar:6.5.3]
	at org.springframework.security.web.session.DisableEncodeUrlFilter.doFilterInternal(DisableEncodeUrlFilter.java:42) ~[spring-security-web-6.5.3.jar:6.5.3]
	at org.springframework.web.filter.OncePerRequestFilter.doFilter(OncePerRequestFilter.java:116) ~[spring-web-6.2.10.jar:6.2.10]
	at org.springframework.security.web.FilterChainProxy$VirtualFilterChain.doFilter(FilterChainProxy.java:374) ~[spring-security-web-6.5.3.jar:6.5.3]
	at org.springframework.security.web.FilterChainProxy.doFilterInternal(FilterChainProxy.java:233) ~[spring-security-web-6.5.3.jar:6.5.3]
	at org.springframework.security.web.FilterChainProxy.doFilter(FilterChainProxy.java:191) ~[spring-security-web-6.5.3.jar:6.5.3]
	at org.springframework.web.filter.CompositeFilter$VirtualFilterChain.doFilter(CompositeFilter.java:113) ~[spring-web-6.2.10.jar:6.2.10]
	at org.springframework.web.filter.ServletRequestPathFilter.doFilter(ServletRequestPathFilter.java:52) ~[spring-web-6.2.10.jar:6.2.10]
	at org.springframework.web.filter.CompositeFilter$VirtualFilterChain.doFilter(CompositeFilter.java:113) ~[spring-web-6.2.10.jar:6.2.10]
	at org.springframework.web.filter.CompositeFilter.doFilter(CompositeFilter.java:74) ~[spring-web-6.2.10.jar:6.2.10]
	at org.springframework.security.config.annotation.web.configuration.WebSecurityConfiguration$CompositeFilterChainProxy.doFilter(WebSecurityConfiguration.java:319) ~[spring-security-config-6.5.3.jar:6.5.3]
	at org.springframework.web.filter.CompositeFilter$VirtualFilterChain.doFilter(CompositeFilter.java:113) ~[spring-web-6.2.10.jar:6.2.10]
	at org.springframework.web.servlet.handler.HandlerMappingIntrospector.lambda$createCacheFilter$4(HandlerMappingIntrospector.java:267) ~[spring-webmvc-6.2.10.jar:6.2.10]
	at org.springframework.web.filter.CompositeFilter$VirtualFilterChain.doFilter(CompositeFilter.java:113) ~[spring-web-6.2.10.jar:6.2.10]
	at org.springframework.web.filter.CompositeFilter.doFilter(CompositeFilter.java:74) ~[spring-web-6.2.10.jar:6.2.10]
	at org.springframework.security.config.annotation.web.configuration.WebMvcSecurityConfiguration$CompositeFilterChainProxy.doFilter(WebMvcSecurityConfiguration.java:240) ~[spring-security-config-6.5.3.jar:6.5.3]
	at org.springframework.web.filter.DelegatingFilterProxy.invokeDelegate(DelegatingFilterProxy.java:362) ~[spring-web-6.2.10.jar:6.2.10]
	at org.springframework.web.filter.DelegatingFilterProxy.doFilter(DelegatingFilterProxy.java:278) ~[spring-web-6.2.10.jar:6.2.10]
	at org.apache.catalina.core.ApplicationFilterChain.internalDoFilter(ApplicationFilterChain.java:164) ~[tomcat-embed-core-10.1.44.jar:10.1.44]
	at org.apache.catalina.core.ApplicationFilterChain.doFilter(ApplicationFilterChain.java:140) ~[tomcat-embed-core-10.1.44.jar:10.1.44]
	at org.springframework.web.filter.RequestContextFilter.doFilterInternal(RequestContextFilter.java:100) ~[spring-web-6.2.10.jar:6.2.10]
	at org.springframework.web.filter.OncePerRequestFilter.doFilter(OncePerRequestFilter.java:116) ~[spring-web-6.2.10.jar:6.2.10]
	at org.apache.catalina.core.ApplicationFilterChain.internalDoFilter(ApplicationFilterChain.java:164) ~[tomcat-embed-core-10.1.44.jar:10.1.44]
	at org.apache.catalina.core.ApplicationFilterChain.doFilter(ApplicationFilterChain.java:140) ~[tomcat-embed-core-10.1.44.jar:10.1.44]
	at org.springframework.web.filter.FormContentFilter.doFilterInternal(FormContentFilter.java:93) ~[spring-web-6.2.10.jar:6.2.10]
	at org.springframework.web.filter.OncePerRequestFilter.doFilter(OncePerRequestFilter.java:116) ~[spring-web-6.2.10.jar:6.2.10]
	at org.apache.catalina.core.ApplicationFilterChain.internalDoFilter(ApplicationFilterChain.java:164) ~[tomcat-embed-core-10.1.44.jar:10.1.44]
	at org.apache.catalina.core.ApplicationFilterChain.doFilter(ApplicationFilterChain.java:140) ~[tomcat-embed-core-10.1.44.jar:10.1.44]
	at org.springframework.web.filter.CharacterEncodingFilter.doFilterInternal(CharacterEncodingFilter.java:201) ~[spring-web-6.2.10.jar:6.2.10]
	at org.springframework.web.filter.OncePerRequestFilter.doFilter(OncePerRequestFilter.java:116) ~[spring-web-6.2.10.jar:6.2.10]
	at org.apache.catalina.core.ApplicationFilterChain.internalDoFilter(ApplicationFilterChain.java:164) ~[tomcat-embed-core-10.1.44.jar:10.1.44]
	at org.apache.catalina.core.ApplicationFilterChain.doFilter(ApplicationFilterChain.java:140) ~[tomcat-embed-core-10.1.44.jar:10.1.44]
	at org.apache.catalina.core.StandardWrapperValve.invoke(StandardWrapperValve.java:167) ~[tomcat-embed-core-10.1.44.jar:10.1.44]
	at org.apache.catalina.core.StandardContextValve.invoke(StandardContextValve.java:90) ~[tomcat-embed-core-10.1.44.jar:10.1.44]
	at org.apache.catalina.authenticator.AuthenticatorBase.invoke(AuthenticatorBase.java:483) ~[tomcat-embed-core-10.1.44.jar:10.1.44]
	at org.apache.catalina.core.StandardHostValve.invoke(StandardHostValve.java:116) ~[tomcat-embed-core-10.1.44.jar:10.1.44]
	at org.apache.catalina.valves.ErrorReportValve.invoke(ErrorReportValve.java:93) ~[tomcat-embed-core-10.1.44.jar:10.1.44]
	at org.apache.catalina.core.StandardEngineValve.invoke(StandardEngineValve.java:74) ~[tomcat-embed-core-10.1.44.jar:10.1.44]
	at org.apache.catalina.connector.CoyoteAdapter.service(CoyoteAdapter.java:344) ~[tomcat-embed-core-10.1.44.jar:10.1.44]
	at org.apache.coyote.http11.Http11Processor.service(Http11Processor.java:398) ~[tomcat-embed-core-10.1.44.jar:10.1.44]
	at org.apache.coyote.AbstractProcessorLight.process(AbstractProcessorLight.java:63) ~[tomcat-embed-core-10.1.44.jar:10.1.44]
	at org.apache.coyote.AbstractProtocol$ConnectionHandler.process(AbstractProtocol.java:903) ~[tomcat-embed-core-10.1.44.jar:10.1.44]
	at org.apache.tomcat.util.net.NioEndpoint$SocketProcessor.doRun(NioEndpoint.java:1769) ~[tomcat-embed-core-10.1.44.jar:10.1.44]
	at org.apache.tomcat.util.net.SocketProcessorBase.run(SocketProcessorBase.java:52) ~[tomcat-embed-core-10.1.44.jar:10.1.44]
	at org.apache.tomcat.util.threads.ThreadPoolExecutor.runWorker(ThreadPoolExecutor.java:1189) ~[tomcat-embed-core-10.1.44.jar:10.1.44]
	at org.apache.tomcat.util.threads.ThreadPoolExecutor$Worker.run(ThreadPoolExecutor.java:658) ~[tomcat-embed-core-10.1.44.jar:10.1.44]
	at org.apache.tomcat.util.threads.TaskThread$WrappingRunnable.run(TaskThread.java:63) ~[tomcat-embed-core-10.1.44.jar:10.1.44]
	at java.base/java.lang.Thread.run(Thread.java:1583) ~[na:na]

2025-09-25T19:46:21.184+05:30  INFO 31052 --- [SpringApplicationShutdownHook] com.zaxxer.hikari.HikariDataSource       : HikariPool-1 - Shutdown initiated...
2025-09-25T19:46:21.635+05:30  INFO 31052 --- [SpringApplicationShutdownHook] com.zaxxer.hikari.HikariDataSource       : HikariPool-1 - Shutdown completed.
2025-09-25T19:46:23.734+05:30  INFO 31245 --- [main] com.example.banking.BankingApplication   : Starting BankingApplication using Java 21.0.7 with PID 31245 (/Users/vigneshramesh/IdeaProjects/SpringGradleDemoApp/build/classes/java/main started by vigneshramesh in /Users/vigneshramesh/IdeaProjects/SpringGradleDemoApp)
2025-09-25T19:46:23.735+05:30  INFO 31245 --- [main] com.example.banking.BankingApplication   : No active profile set, falling back to 1 default profile: "default"
2025-09-25T19:46:24.977+05:30  INFO 31245 --- [main] o.apache.catalina.core.StandardService   : Starting service [Tomcat]
2025-09-25T19:46:24.978+05:30  INFO 31245 --- [main] o.apache.catalina.core.StandardEngine    : Starting Servlet engine: [Apache Tomcat/10.1.44]
2025-09-25T19:46:25.024+05:30  INFO 31245 --- [main] o.a.c.c.C.[Tomcat].[localhost].[/]       : Initializing Spring embedded WebApplicationContext
2025-09-25T19:46:25.331+05:30  INFO 31245 --- [main] com.zaxxer.hikari.HikariDataSource       : HikariPool-1 - Starting...
2025-09-25T19:46:26.186+05:30  INFO 31245 --- [main] com.zaxxer.hikari.pool.HikariPool        : HikariPool-1 - Added connection oracle.jdbc.driver.T4CConnection@120df990
2025-09-25T19:46:26.188+05:30  INFO 31245 --- [main] com.zaxxer.hikari.HikariDataSource       : HikariPool-1 - Start completed.
2025-09-25T19:46:26.216+05:30  INFO 31245 --- [main] liquibase.database                       : Could not set remarks reporting on OracleDatabase: com.zaxxer.hikari.pool.HikariProxyConnection.setRemarksReporting(boolean)
2025-09-25T19:46:27.754+05:30  INFO 31245 --- [main] liquibase.changelog                      : Reading from GERALT.DATABASECHANGELOG
2025-09-25T19:46:27.785+05:30  INFO 31245 --- [main] liquibase.ui                             : Database is up to date, no changesets to execute
2025-09-25T19:46:27.787+05:30  INFO 31245 --- [main] liquibase.changelog                      : Reading from GERALT.DATABASECHANGELOG
2025-09-25T19:46:27.793+05:30  INFO 31245 --- [main] liquibase.util                           : UPDATE SUMMARY
2025-09-25T19:46:27.793+05:30  INFO 31245 --- [main] liquibase.util                           : Run:                          0
2025-09-25T19:46:27.793+05:30  INFO 31245 --- [main] liquibase.util                           : Previously run:               1
2025-09-25T19:46:27.793+05:30  INFO 31245 --- [main] liquibase.util                           : Filtered out:                 0
2025-09-25T19:46:27.793+05:30  INFO 31245 --- [main] liquibase.util                           : -------------------------------
2025-09-25T19:46:27.793+05:30  INFO 31245 --- [main] liquibase.util                           : Total change sets:            1
2025-09-25T19:46:27.793+05:30  INFO 31245 --- [main] liquibase.util                           : Update summary generated
2025-09-25T19:46:27.794+05:30  INFO 31245 --- [main] liquibase.command                        : Command execution complete
2025-09-25T19:46:29.045+05:30  INFO 31245 --- [main] o.hibernate.jpa.internal.util.LogHelper  : HHH000204: Processing PersistenceUnitInfo [name: default]
2025-09-25T19:46:29.162+05:30  INFO 31245 --- [main] org.hibernate.Version                    : HHH000412: Hibernate ORM core version 6.6.26.Final
2025-09-25T19:46:29.188+05:30  INFO 31245 --- [main] o.h.c.internal.RegionFactoryInitiator    : HHH000026: Second-level cache disabled
2025-09-25T19:46:29.613+05:30  WARN 31245 --- [main] org.hibernate.orm.deprecation            : HHH90000025: OracleDialect does not need to be specified explicitly using 'hibernate.dialect' (remove the property setting and it will be selected by default)
2025-09-25T19:46:29.693+05:30  INFO 31245 --- [main] org.hibernate.orm.connections.pooling    : HHH10001005: Database info:
	Database JDBC URL [Connecting through datasource 'HikariDataSource (HikariPool-1)']
	Database driver: undefined/unknown
	Database version: 19.19
	Autocommit mode: undefined/unknown
	Isolation level: undefined/unknown
	Minimum pool size: undefined/unknown
	Maximum pool size: undefined/unknown
2025-09-25T19:46:30.612+05:30  INFO 31245 --- [main] o.h.e.t.j.p.i.JtaPlatformInitiator       : HHH000489: No JTA platform available (set 'hibernate.transaction.jta.platform' to enable JTA platform integration)
2025-09-25T19:46:31.134+05:30  WARN 31245 --- [main] JpaBaseConfiguration$JpaWebConfiguration : spring.jpa.open-in-view is enabled by default. Therefore, database queries may be performed during view rendering. Explicitly configure spring.jpa.open-in-view to disable this warning
2025-09-25T19:46:31.361+05:30  WARN 31245 --- [main] .s.s.UserDetailsServiceAutoConfiguration : 

Using generated security password: 14f93a12-1680-4a08-a919-5fc861653814

This generated password is for development use only. Your security configuration must be updated before running your application in production.

2025-09-25T19:46:31.754+05:30  INFO 31245 --- [main] com.example.banking.BankingApplication   : Started BankingApplication in 8.272 seconds (process running for 8.576)
2025-09-25T19:46:54.377+05:30  INFO 31245 --- [http-nio-8080-exec-2] o.a.c.c.C.[Tomcat].[localhost].[/]       : Initializing Spring DispatcherServlet 'dispatcherServlet'
2025-09-25T19:46:54.456+05:30 ERROR 31245 --- [http-nio-8080-exec-2] o.a.c.c.C.[.[.[/].[dispatcherServlet]    : Servlet.service() for servlet [dispatcherServlet] in context with path [] threw exception [Request processing failed: jakarta.validation.UnexpectedTypeException: HV000030: No validator could be found for constraint 'jakarta.validation.constraints.NotBlank' validating type 'java.lang.Long'. Check configuration for 'findByUserId.id'] with root cause

jakarta.validation.UnexpectedTypeException: HV000030: No validator could be found for constraint 'jakarta.validation.constraints.NotBlank' validating type 'java.lang.Long'. Check configuration for 'findByUserId.id'
	at org.hibernate.validator.internal.engine.constraintvalidation.ConstraintTree.getExceptionForNullValidator(ConstraintTree.java:116) ~[hibernate-validator-8.0.3.Final.jar:8.0.3.Final]
	at org.hibernate.validator.internal.engine.constraintvalidation.ConstraintTree.getInitializedConstraintValidator(ConstraintTree.java:162) ~[hibernate-validator-8.0.3.Final.jar:8.0.3.Final]
	at org.hibernate.validator.internal.engine.constraintvalidation.SimpleConstraintTree.validateConstraints(SimpleConstraintTree.java:58) ~[hibernate-validator-8.0.3.Final.jar:8.0.3.Final]
	at org.hibernate.validator.internal.engine.constraintvalidation.ConstraintTree.validateConstraints(ConstraintTree.java:75) ~[hibernate-validator-8.0.3.Final.jar:8.0.3.Final]
	at org.hibernate.validator.internal.metadata.core.MetaConstraint.doValidateConstraint(MetaConstraint.java:130) ~[hibernate-validator-8.0.3.Final.jar:8.0.3.Final]
	at org.hibernate.validator.internal.metadata.core.MetaConstraint.validateConstraint(MetaConstraint.java:123) ~[hibernate-validator-8.0.3.Final.jar:8.0.3.Final]
	at org.hibernate.validator.internal.engine.ValidatorImpl.validateMetaConstraint(ValidatorImpl.java:555) ~[hibernate-validator-8.0.3.Final.jar:8.0.3.Final]
	at org.hibernate.validator.internal.engine.ValidatorImpl.validateMetaConstraints(ValidatorImpl.java:537) ~[hibernate-validator-8.0.3.Final.jar:8.0.3.Final]
	at org.hibernate.validator.internal.engine.ValidatorImpl.validateParametersForSingleGroup(ValidatorImpl.java:991) ~[hibernate-validator-8.0.3.Final.jar:8.0.3.Final]
	at org.hibernate.validator.internal.engine.ValidatorImpl.validateParametersForGroup(ValidatorImpl.java:932) ~[hibernate-validator-8.0.3.Final.jar:8.0.3.Final]
	at org.hibernate.validator.internal.engine.ValidatorImpl.validateParametersInContext(ValidatorImpl.java:863) ~[hibernate-validator-8.0.3.Final.jar:8.0.3.Final]
	at org.hibernate.validator.internal.engine.ValidatorImpl.validateParameters(ValidatorImpl.java:283) ~[hibernate-validator-8.0.3.Final.jar:8.0.3.Final]
	at org.hibernate.validator.internal.engine.ValidatorImpl.validateParameters(ValidatorImpl.java:235) ~[hibernate-validator-8.0.3.Final.jar:8.0.3.Final]
	at org.springframework.validation.beanvalidation.MethodValidationAdapter.invokeValidatorForArguments(MethodValidationAdapter.java:261) ~[spring-context-6.2.10.jar:6.2.10]
	at org.springframework.validation.beanvalidation.MethodValidationInterceptor.invoke(MethodValidationInterceptor.java:168) ~[spring-context-6.2.10.jar:6.2.10]
	at org.springframework.aop.framework.ReflectiveMethodInvocation.proceed(ReflectiveMethodInvocation.java:184) ~[spring-aop-6.2.10.jar:6.2.10]
	at org.springframework.aop.framework.CglibAopProxy$DynamicAdvisedInterceptor.intercept(CglibAopProxy.java:728) ~[spring-aop-6.2.10.jar:6.2.10]
	at com.example.banking.controller.AuthController$$SpringCGLIB$$0.findByUserId(<generated>) ~[main/:na]
	at java.base/jdk.internal.reflect.DirectMethodHandleAccessor.invoke(DirectMethodHandleAccessor.java:103) ~[na:na]
	at java.base/java.lang.reflect.Method.invoke(Method.java:580) ~[na:na]
	at org.springframework.web.method.support.InvocableHandlerMethod.doInvoke(InvocableHandlerMethod.java:258) ~[spring-web-6.2.10.jar:6.2.10]
	at org.springframework.web.method.support.InvocableHandlerMethod.invokeForRequest(InvocableHandlerMethod.java:191) ~[spring-web-6.2.10.jar:6.2.10]
	at org.springframework.web.servlet.mvc.method.annotation.ServletInvocableHandlerMethod.invokeAndHandle(ServletInvocableHandlerMethod.java:118) ~[spring-webmvc-6.2.10.jar:6.2.10]
	at org.springframework.web.servlet.mvc.method.annotation.RequestMappingHandlerAdapter.invokeHandlerMethod(RequestMappingHandlerAdapter.java:991) ~[spring-webmvc-6.2.10.jar:6.2.10]
	at org.springframework.web.servlet.mvc.method.annotation.RequestMappingHandlerAdapter.handleInternal(RequestMappingHandlerAdapter.java:896) ~[spring-webmvc-6.2.10.jar:6.2.10]
	at org.springframework.web.servlet.mvc.method.AbstractHandlerMethodAdapter.handle(AbstractHandlerMethodAdapter.java:87) ~[spring-webmvc-6.2.10.jar:6.2.10]
	at org.springframework.web.servlet.DispatcherServlet.doDispatch(DispatcherServlet.java:1089) ~[spring-webmvc-6.2.10.jar:6.2.10]
	at org.springframework.web.servlet.DispatcherServlet.doService(DispatcherServlet.java:979) ~[spring-webmvc-6.2.10.jar:6.2.10]
	at org.springframework.web.servlet.FrameworkServlet.processRequest(FrameworkServlet.java:1014) ~[spring-webmvc-6.2.10.jar:6.2.10]
	at org.springframework.web.servlet.FrameworkServlet.doGet(FrameworkServlet.java:903) ~[spring-webmvc-6.2.10.jar:6.2.10]
	at jakarta.servlet.http.HttpServlet.service(HttpServlet.java:564) ~[tomcat-embed-core-10.1.44.jar:6.0]
	at org.springframework.web.servlet.FrameworkServlet.service(FrameworkServlet.java:885) ~[spring-webmvc-6.2.10.jar:6.2.10]
	at jakarta.servlet.http.HttpServlet.service(HttpServlet.java:658) ~[tomcat-embed-core-10.1.44.jar:6.0]
	at org.apache.catalina.core.ApplicationFilterChain.internalDoFilter(ApplicationFilterChain.java:195) ~[tomcat-embed-core-10.1.44.jar:10.1.44]
	at org.apache.catalina.core.ApplicationFilterChain.doFilter(ApplicationFilterChain.java:140) ~[tomcat-embed-core-10.1.44.jar:10.1.44]
	at org.apache.tomcat.websocket.server.WsFilter.doFilter(WsFilter.java:51) ~[tomcat-embed-websocket-10.1.44.jar:10.1.44]
	at org.apache.catalina.core.ApplicationFilterChain.internalDoFilter(ApplicationFilterChain.java:164) ~[tomcat-embed-core-10.1.44.jar:10.1.44]
	at org.apache.catalina.core.ApplicationFilterChain.doFilter(ApplicationFilterChain.java:140) ~[tomcat-embed-core-10.1.44.jar:10.1.44]
	at org.springframework.web.filter.CompositeFilter$VirtualFilterChain.doFilter(CompositeFilter.java:108) ~[spring-web-6.2.10.jar:6.2.10]
	at org.springframework.web.filter.CompositeFilter$VirtualFilterChain.doFilter(CompositeFilter.java:108) ~[spring-web-6.2.10.jar:6.2.10]
	at org.springframework.security.web.FilterChainProxy.lambda$doFilterInternal$3(FilterChainProxy.java:231) ~[spring-security-web-6.5.3.jar:6.5.3]
	at org.springframework.security.web.FilterChainProxy$VirtualFilterChain.doFilter(FilterChainProxy.java:365) ~[spring-security-web-6.5.3.jar:6.5.3]
	at org.springframework.security.web.access.intercept.AuthorizationFilter.doFilter(AuthorizationFilter.java:101) ~[spring-security-web-6.5.3.jar:6.5.3]
	at org.springframework.security.web.FilterChainProxy$VirtualFilterChain.doFilter(FilterChainProxy.java:374) ~[spring-security-web-6.5.3.jar:6.5.3]
	at org.springframework.security.web.access.ExceptionTranslationFilter.doFilter(ExceptionTranslationFilter.java:125) ~[spring-security-web-6.5.3.jar:6.5.3]
	at org.springframework.security.web.access.ExceptionTranslationFilter.doFilter(ExceptionTranslationFilter.java:119) ~[spring-security-web-6.5.3.jar:6.5.3]
	at org.springframework.security.web.FilterChainProxy$VirtualFilterChain.doFilter(FilterChainProxy.java:374) ~[spring-security-web-6.5.3.jar:6.5.3]
	at org.springframework.security.web.authentication.AnonymousAuthenticationFilter.doFilter(AnonymousAuthenticationFilter.java:100) ~[spring-security-web-6.5.3.jar:6.5.3]
	at org.springframework.security.web.FilterChainProxy$VirtualFilterChain.doFilter(FilterChainProxy.java:374) ~[spring-security-web-6.5.3.jar:6.5.3]
	at org.springframework.security.web.servletapi.SecurityContextHolderAwareRequestFilter.doFilter(SecurityContextHolderAwareRequestFilter.java:179) ~[spring-security-web-6.5.3.jar:6.5.3]
	at org.springframework.security.web.FilterChainProxy$VirtualFilterChain.doFilter(FilterChainProxy.java:374) ~[spring-security-web-6.5.3.jar:6.5.3]
	at org.springframework.security.web.savedrequest.RequestCacheAwareFilter.doFilter(RequestCacheAwareFilter.java:63) ~[spring-security-web-6.5.3.jar:6.5.3]
	at org.springframework.security.web.FilterChainProxy$VirtualFilterChain.doFilter(FilterChainProxy.java:374) ~[spring-security-web-6.5.3.jar:6.5.3]
	at org.springframework.security.web.authentication.logout.LogoutFilter.doFilter(LogoutFilter.java:107) ~[spring-security-web-6.5.3.jar:6.5.3]
	at org.springframework.security.web.authentication.logout.LogoutFilter.doFilter(LogoutFilter.java:93) ~[spring-security-web-6.5.3.jar:6.5.3]
	at org.springframework.security.web.FilterChainProxy$VirtualFilterChain.doFilter(FilterChainProxy.java:374) ~[spring-security-web-6.5.3.jar:6.5.3]
	at org.springframework.web.filter.OncePerRequestFilter.doFilter(OncePerRequestFilter.java:110) ~[spring-web-6.2.10.jar:6.2.10]
	at org.springframework.security.web.FilterChainProxy$VirtualFilterChain.doFilter(FilterChainProxy.java:374) ~[spring-security-web-6.5.3.jar:6.5.3]
	at org.springframework.web.filter.CorsFilter.doFilterInternal(CorsFilter.java:91) ~[spring-web-6.2.10.jar:6.2.10]
	at org.springframework.web.filter.OncePerRequestFilter.doFilter(OncePerRequestFilter.java:116) ~[spring-web-6.2.10.jar:6.2.10]
	at org.springframework.security.web.FilterChainProxy$VirtualFilterChain.doFilter(FilterChainProxy.java:374) ~[spring-security-web-6.5.3.jar:6.5.3]
	at org.springframework.security.web.header.HeaderWriterFilter.doHeadersAfter(HeaderWriterFilter.java:90) ~[spring-security-web-6.5.3.jar:6.5.3]
	at org.springframework.security.web.header.HeaderWriterFilter.doFilterInternal(HeaderWriterFilter.java:75) ~[spring-security-web-6.5.3.jar:6.5.3]
	at org.springframework.web.filter.OncePerRequestFilter.doFilter(OncePerRequestFilter.java:116) ~[spring-web-6.2.10.jar:6.2.10]
	at org.springframework.security.web.FilterChainProxy$VirtualFilterChain.doFilter(FilterChainProxy.java:374) ~[spring-security-web-6.5.3.jar:6.5.3]
	at org.springframework.security.web.context.SecurityContextHolderFilter.doFilter(SecurityContextHolderFilter.java:82) ~[spring-security-web-6.5.3.jar:6.5.3]
	at org.springframework.security.web.context.SecurityContextHolderFilter.doFilter(SecurityContextHolderFilter.java:69) ~[spring-security-web-6.5.3.jar:6.5.3]
	at org.springframework.security.web.FilterChainProxy$VirtualFilterChain.doFilter(FilterChainProxy.java:374) ~[spring-security-web-6.5.3.jar:6.5.3]
	at org.springframework.security.web.context.request.async.WebAsyncManagerIntegrationFilter.doFilterInternal(WebAsyncManagerIntegrationFilter.java:62) ~[spring-security-web-6.5.3.jar:6.5.3]
	at org.springframework.web.filter.OncePerRequestFilter.doFilter(OncePerRequestFilter.java:116) ~[spring-web-6.2.10.jar:6.2.10]
	at org.springframework.security.web.FilterChainProxy$VirtualFilterChain.doFilter(FilterChainProxy.java:374) ~[spring-security-web-6.5.3.jar:6.5.3]
	at org.springframework.security.web.session.DisableEncodeUrlFilter.doFilterInternal(DisableEncodeUrlFilter.java:42) ~[spring-security-web-6.5.3.jar:6.5.3]
	at org.springframework.web.filter.OncePerRequestFilter.doFilter(OncePerRequestFilter.java:116) ~[spring-web-6.2.10.jar:6.2.10]
	at org.springframework.security.web.FilterChainProxy$VirtualFilterChain.doFilter(FilterChainProxy.java:374) ~[spring-security-web-6.5.3.jar:6.5.3]
	at org.springframework.security.web.FilterChainProxy.doFilterInternal(FilterChainProxy.java:233) ~[spring-security-web-6.5.3.jar:6.5.3]
	at org.springframework.security.web.FilterChainProxy.doFilter(FilterChainProxy.java:191) ~[spring-security-web-6.5.3.jar:6.5.3]
	at org.springframework.web.filter.CompositeFilter$VirtualFilterChain.doFilter(CompositeFilter.java:113) ~[spring-web-6.2.10.jar:6.2.10]
	at org.springframework.web.filter.ServletRequestPathFilter.doFilter(ServletRequestPathFilter.java:52) ~[spring-web-6.2.10.jar:6.2.10]
	at org.springframework.web.filter.CompositeFilter$VirtualFilterChain.doFilter(CompositeFilter.java:113) ~[spring-web-6.2.10.jar:6.2.10]
	at org.springframework.web.filter.CompositeFilter.doFilter(CompositeFilter.java:74) ~[spring-web-6.2.10.jar:6.2.10]
	at org.springframework.security.config.annotation.web.configuration.WebSecurityConfiguration$CompositeFilterChainProxy.doFilter(WebSecurityConfiguration.java:319) ~[spring-security-config-6.5.3.jar:6.5.3]
	at org.springframework.web.filter.CompositeFilter$VirtualFilterChain.doFilter(CompositeFilter.java:113) ~[spring-web-6.2.10.jar:6.2.10]
	at org.springframework.web.servlet.handler.HandlerMappingIntrospector.lambda$createCacheFilter$4(HandlerMappingIntrospector.java:267) ~[spring-webmvc-6.2.10.jar:6.2.10]
	at org.springframework.web.filter.CompositeFilter$VirtualFilterChain.doFilter(CompositeFilter.java:113) ~[spring-web-6.2.10.jar:6.2.10]
	at org.springframework.web.filter.CompositeFilter.doFilter(CompositeFilter.java:74) ~[spring-web-6.2.10.jar:6.2.10]
	at org.springframework.security.config.annotation.web.configuration.WebMvcSecurityConfiguration$CompositeFilterChainProxy.doFilter(WebMvcSecurityConfiguration.java:240) ~[spring-security-config-6.5.3.jar:6.5.3]
	at org.springframework.web.filter.DelegatingFilterProxy.invokeDelegate(DelegatingFilterProxy.java:362) ~[spring-web-6.2.10.jar:6.2.10]
	at org.springframework.web.filter.DelegatingFilterProxy.doFilter(DelegatingFilterProxy.java:278) ~[spring-web-6.2.10.jar:6.2.10]
	at org.apache.catalina.core.ApplicationFilterChain.internalDoFilter(ApplicationFilterChain.java:164) ~[tomcat-embed-core-10.1.44.jar:10.1.44]
	at org.apache.catalina.core.ApplicationFilterChain.doFilter(ApplicationFilterChain.java:140) ~[tomcat-embed-core-10.1.44.jar:10.1.44]
	at org.springframework.web.filter.RequestContextFilter.doFilterInternal(RequestContextFilter.java:100) ~[spring-web-6.2.10.jar:6.2.10]
	at org.springframework.web.filter.OncePerRequestFilter.doFilter(OncePerRequestFilter.java:116) ~[spring-web-6.2.10.jar:6.2.10]
	at org.apache.catalina.core.ApplicationFilterChain.internalDoFilter(ApplicationFilterChain.java:164) ~[tomcat-embed-core-10.1.44.jar:10.1.44]
	at org.apache.catalina.core.ApplicationFilterChain.doFilter(ApplicationFilterChain.java:140) ~[tomcat-embed-core-10.1.44.jar:10.1.44]
	at org.springframework.web.filter.FormContentFilter.doFilterInternal(FormContentFilter.java:93) ~[spring-web-6.2.10.jar:6.2.10]
	at org.springframework.web.filter.OncePerRequestFilter.doFilter(OncePerRequestFilter.java:116) ~[spring-web-6.2.10.jar:6.2.10]
	at org.apache.catalina.core.ApplicationFilterChain.internalDoFilter(ApplicationFilterChain.java:164) ~[tomcat-embed-core-10.1.44.jar:10.1.44]
	at org.apache.catalina.core.ApplicationFilterChain.doFilter(ApplicationFilterChain.java:140) ~[tomcat-embed-core-10.1.44.jar:10.1.44]
	at org.springframework.web.filter.CharacterEncodingFilter.doFilterInternal(CharacterEncodingFilter.java:201) ~[spring-web-6.2.10.jar:6.2.10]
	at org.springframework.web.filter.OncePerRequestFilter.doFilter(OncePerRequestFilter.java:116) ~[spring-web-6.2.10.jar:6.2.10]
	at org.apache.catalina.core.ApplicationFilterChain.internalDoFilter(ApplicationFilterChain.java:164) ~[tomcat-embed-core-10.1.44.jar:10.1.44]
	at org.apache.catalina.core.ApplicationFilterChain.doFilter(ApplicationFilterChain.java:140) ~[tomcat-embed-core-10.1.44.jar:10.1.44]
	at org.apache.catalina.core.StandardWrapperValve.invoke(StandardWrapperValve.java:167) ~[tomcat-embed-core-10.1.44.jar:10.1.44]
	at org.apache.catalina.core.StandardContextValve.invoke(StandardContextValve.java:90) ~[tomcat-embed-core-10.1.44.jar:10.1.44]
	at org.apache.catalina.authenticator.AuthenticatorBase.invoke(AuthenticatorBase.java:483) ~[tomcat-embed-core-10.1.44.jar:10.1.44]
	at org.apache.catalina.core.StandardHostValve.invoke(StandardHostValve.java:116) ~[tomcat-embed-core-10.1.44.jar:10.1.44]
	at org.apache.catalina.valves.ErrorReportValve.invoke(ErrorReportValve.java:93) ~[tomcat-embed-core-10.1.44.jar:10.1.44]
	at org.apache.catalina.core.StandardEngineValve.invoke(StandardEngineValve.java:74) ~[tomcat-embed-core-10.1.44.jar:10.1.44]
	at org.apache.catalina.connector.CoyoteAdapter.service(CoyoteAdapter.java:344) ~[tomcat-embed-core-10.1.44.jar:10.1.44]
	at org.apache.coyote.http11.Http11Processor.service(Http11Processor.java:398) ~[tomcat-embed-core-10.1.44.jar:10.1.44]
	at org.apache.coyote.AbstractProcessorLight.process(AbstractProcessorLight.java:63) ~[tomcat-embed-core-10.1.44.jar:10.1.44]
	at org.apache.coyote.AbstractProtocol$ConnectionHandler.process(AbstractProtocol.java:903) ~[tomcat-embed-core-10.1.44.jar:10.1.44]
	at org.apache.tomcat.util.net.NioEndpoint$SocketProcessor.doRun(NioEndpoint.java:1769) ~[tomcat-embed-core-10.1.44.jar:10.1.44]
	at org.apache.tomcat.util.net.SocketProcessorBase.run(SocketProcessorBase.java:52) ~[tomcat-embed-core-10.1.44.jar:10.1.44]
	at org.apache.tomcat.util.threads.ThreadPoolExecutor.runWorker(ThreadPoolExecutor.java:1189) ~[tomcat-embed-core-10.1.44.jar:10.1.44]
	at org.apache.tomcat.util.threads.ThreadPoolExecutor$Worker.run(ThreadPoolExecutor.java:658) ~[tomcat-embed-core-10.1.44.jar:10.1.44]
	at org.apache.tomcat.util.threads.TaskThread$WrappingRunnable.run(TaskThread.java:63) ~[tomcat-embed-core-10.1.44.jar:10.1.44]
	at java.base/java.lang.Thread.run(Thread.java:1583) ~[na:na]

2025-09-25T19:48:51.259+05:30  INFO 31245 --- [SpringApplicationShutdownHook] com.zaxxer.hikari.HikariDataSource       : HikariPool-1 - Shutdown initiated...
2025-09-25T19:48:51.477+05:30  INFO 31245 --- [SpringApplicationShutdownHook] com.zaxxer.hikari.HikariDataSource       : HikariPool-1 - Shutdown completed.
2025-09-25T19:48:54.993+05:30  INFO 31377 --- [main] com.example.banking.BankingApplication   : Starting BankingApplication using Java 21.0.7 with PID 31377 (/Users/vigneshramesh/IdeaProjects/SpringGradleDemoApp/build/classes/java/main started by vigneshramesh in /Users/vigneshramesh/IdeaProjects/SpringGradleDemoApp)
2025-09-25T19:48:54.994+05:30  INFO 31377 --- [main] com.example.banking.BankingApplication   : No active profile set, falling back to 1 default profile: "default"
2025-09-25T19:48:55.857+05:30  INFO 31377 --- [main] o.apache.catalina.core.StandardService   : Starting service [Tomcat]
2025-09-25T19:48:55.857+05:30  INFO 31377 --- [main] o.apache.catalina.core.StandardEngine    : Starting Servlet engine: [Apache Tomcat/10.1.44]
2025-09-25T19:48:55.889+05:30  INFO 31377 --- [main] o.a.c.c.C.[Tomcat].[localhost].[/]       : Initializing Spring embedded WebApplicationContext
2025-09-25T19:48:56.062+05:30  INFO 31377 --- [main] com.zaxxer.hikari.HikariDataSource       : HikariPool-1 - Starting...
2025-09-25T19:48:56.520+05:30  INFO 31377 --- [main] com.zaxxer.hikari.pool.HikariPool        : HikariPool-1 - Added connection oracle.jdbc.driver.T4CConnection@2450256f
2025-09-25T19:48:56.521+05:30  INFO 31377 --- [main] com.zaxxer.hikari.HikariDataSource       : HikariPool-1 - Start completed.
2025-09-25T19:48:56.552+05:30  INFO 31377 --- [main] liquibase.database                       : Could not set remarks reporting on OracleDatabase: com.zaxxer.hikari.pool.HikariProxyConnection.setRemarksReporting(boolean)
2025-09-25T19:48:57.412+05:30  INFO 31377 --- [main] liquibase.changelog                      : Reading from GERALT.DATABASECHANGELOG
2025-09-25T19:48:57.433+05:30  INFO 31377 --- [main] liquibase.ui                             : Database is up to date, no changesets to execute
2025-09-25T19:48:57.435+05:30  INFO 31377 --- [main] liquibase.changelog                      : Reading from GERALT.DATABASECHANGELOG
2025-09-25T19:48:57.439+05:30  INFO 31377 --- [main] liquibase.util                           : UPDATE SUMMARY
2025-09-25T19:48:57.439+05:30  INFO 31377 --- [main] liquibase.util                           : Run:                          0
2025-09-25T19:48:57.439+05:30  INFO 31377 --- [main] liquibase.util                           : Previously run:               1
2025-09-25T19:48:57.439+05:30  INFO 31377 --- [main] liquibase.util                           : Filtered out:                 0
2025-09-25T19:48:57.439+05:30  INFO 31377 --- [main] liquibase.util                           : -------------------------------
2025-09-25T19:48:57.440+05:30  INFO 31377 --- [main] liquibase.util                           : Total change sets:            1
2025-09-25T19:48:57.440+05:30  INFO 31377 --- [main] liquibase.util                           : Update summary generated
2025-09-25T19:48:57.440+05:30  INFO 31377 --- [main] liquibase.command                        : Command execution complete
2025-09-25T19:48:58.944+05:30  INFO 31377 --- [main] o.hibernate.jpa.internal.util.LogHelper  : HHH000204: Processing PersistenceUnitInfo [name: default]
2025-09-25T19:48:59.084+05:30  INFO 31377 --- [main] org.hibernate.Version                    : HHH000412: Hibernate ORM core version 6.6.26.Final
2025-09-25T19:48:59.129+05:30  INFO 31377 --- [main] o.h.c.internal.RegionFactoryInitiator    : HHH000026: Second-level cache disabled
2025-09-25T19:48:59.596+05:30  WARN 31377 --- [main] org.hibernate.orm.deprecation            : HHH90000025: OracleDialect does not need to be specified explicitly using 'hibernate.dialect' (remove the property setting and it will be selected by default)
2025-09-25T19:48:59.657+05:30  INFO 31377 --- [main] org.hibernate.orm.connections.pooling    : HHH10001005: Database info:
	Database JDBC URL [Connecting through datasource 'HikariDataSource (HikariPool-1)']
	Database driver: undefined/unknown
	Database version: 19.19
	Autocommit mode: undefined/unknown
	Isolation level: undefined/unknown
	Minimum pool size: undefined/unknown
	Maximum pool size: undefined/unknown
2025-09-25T19:49:00.141+05:30  INFO 31377 --- [main] o.h.e.t.j.p.i.JtaPlatformInitiator       : HHH000489: No JTA platform available (set 'hibernate.transaction.jta.platform' to enable JTA platform integration)
2025-09-25T19:49:00.483+05:30  WARN 31377 --- [main] JpaBaseConfiguration$JpaWebConfiguration : spring.jpa.open-in-view is enabled by default. Therefore, database queries may be performed during view rendering. Explicitly configure spring.jpa.open-in-view to disable this warning
2025-09-25T19:49:00.579+05:30  WARN 31377 --- [main] .s.s.UserDetailsServiceAutoConfiguration : 

Using generated security password: ce29cc7b-63b0-4f4e-8890-c1e423a412ce

This generated password is for development use only. Your security configuration must be updated before running your application in production.

2025-09-25T19:49:00.931+05:30  INFO 31377 --- [main] com.example.banking.BankingApplication   : Started BankingApplication in 6.211 seconds (process running for 6.46)
2025-09-25T19:49:07.801+05:30  INFO 31377 --- [http-nio-8080-exec-2] o.a.c.c.C.[Tomcat].[localhost].[/]       : Initializing Spring DispatcherServlet 'dispatcherServlet'
2025-09-25T20:46:19.830+05:30  INFO 31377 --- [SpringApplicationShutdownHook] com.zaxxer.hikari.HikariDataSource       : HikariPool-1 - Shutdown initiated...
2025-09-25T20:46:20.023+05:30  INFO 31377 --- [SpringApplicationShutdownHook] com.zaxxer.hikari.HikariDataSource       : HikariPool-1 - Shutdown completed.
2025-09-25T20:46:33.711+05:30  INFO 34152 --- [main] com.example.banking.BankingApplication   : Starting BankingApplication using Java 21.0.7 with PID 34152 (/Users/vigneshramesh/IdeaProjects/SpringGradleDemoApp/build/classes/java/main started by vigneshramesh in /Users/vigneshramesh/IdeaProjects/SpringGradleDemoApp)
2025-09-25T20:46:33.712+05:30  INFO 34152 --- [main] com.example.banking.BankingApplication   : No active profile set, falling back to 1 default profile: "default"
2025-09-25T20:46:34.666+05:30  INFO 34152 --- [main] o.apache.catalina.core.StandardService   : Starting service [Tomcat]
2025-09-25T20:46:34.666+05:30  INFO 34152 --- [main] o.apache.catalina.core.StandardEngine    : Starting Servlet engine: [Apache Tomcat/10.1.44]
2025-09-25T20:46:34.700+05:30  INFO 34152 --- [main] o.a.c.c.C.[Tomcat].[localhost].[/]       : Initializing Spring embedded WebApplicationContext
2025-09-25T20:46:34.889+05:30  INFO 34152 --- [main] com.zaxxer.hikari.HikariDataSource       : HikariPool-1 - Starting...
2025-09-25T20:46:35.217+05:30  INFO 34152 --- [main] com.zaxxer.hikari.pool.HikariPool        : HikariPool-1 - Added connection oracle.jdbc.driver.T4CConnection@48cdb156
2025-09-25T20:46:35.217+05:30  INFO 34152 --- [main] com.zaxxer.hikari.HikariDataSource       : HikariPool-1 - Start completed.
2025-09-25T20:46:35.235+05:30  INFO 34152 --- [main] liquibase.database                       : Could not set remarks reporting on OracleDatabase: com.zaxxer.hikari.pool.HikariProxyConnection.setRemarksReporting(boolean)
2025-09-25T20:46:36.360+05:30  INFO 34152 --- [main] liquibase.changelog                      : Reading from GERALT.DATABASECHANGELOG
2025-09-25T20:46:36.384+05:30  INFO 34152 --- [main] liquibase.ui                             : Database is up to date, no changesets to execute
2025-09-25T20:46:36.386+05:30  INFO 34152 --- [main] liquibase.changelog                      : Reading from GERALT.DATABASECHANGELOG
2025-09-25T20:46:36.391+05:30  INFO 34152 --- [main] liquibase.util                           : UPDATE SUMMARY
2025-09-25T20:46:36.391+05:30  INFO 34152 --- [main] liquibase.util                           : Run:                          0
2025-09-25T20:46:36.391+05:30  INFO 34152 --- [main] liquibase.util                           : Previously run:               1
2025-09-25T20:46:36.391+05:30  INFO 34152 --- [main] liquibase.util                           : Filtered out:                 0
2025-09-25T20:46:36.391+05:30  INFO 34152 --- [main] liquibase.util                           : -------------------------------
2025-09-25T20:46:36.391+05:30  INFO 34152 --- [main] liquibase.util                           : Total change sets:            1
2025-09-25T20:46:36.391+05:30  INFO 34152 --- [main] liquibase.util                           : Update summary generated
2025-09-25T20:46:36.392+05:30  INFO 34152 --- [main] liquibase.command                        : Command execution complete
2025-09-25T20:46:37.655+05:30  INFO 34152 --- [main] o.hibernate.jpa.internal.util.LogHelper  : HHH000204: Processing PersistenceUnitInfo [name: default]
2025-09-25T20:46:37.728+05:30  INFO 34152 --- [main] org.hibernate.Version                    : HHH000412: Hibernate ORM core version 6.6.26.Final
2025-09-25T20:46:37.764+05:30  INFO 34152 --- [main] o.h.c.internal.RegionFactoryInitiator    : HHH000026: Second-level cache disabled
2025-09-25T20:46:38.061+05:30  WARN 34152 --- [main] org.hibernate.orm.deprecation            : HHH90000025: OracleDialect does not need to be specified explicitly using 'hibernate.dialect' (remove the property setting and it will be selected by default)
2025-09-25T20:46:38.086+05:30  INFO 34152 --- [main] org.hibernate.orm.connections.pooling    : HHH10001005: Database info:
	Database JDBC URL [Connecting through datasource 'HikariDataSource (HikariPool-1)']
	Database driver: undefined/unknown
	Database version: 19.19
	Autocommit mode: undefined/unknown
	Isolation level: undefined/unknown
	Minimum pool size: undefined/unknown
	Maximum pool size: undefined/unknown
2025-09-25T20:46:38.658+05:30  INFO 34152 --- [main] o.h.e.t.j.p.i.JtaPlatformInitiator       : HHH000489: No JTA platform available (set 'hibernate.transaction.jta.platform' to enable JTA platform integration)
2025-09-25T20:46:41.002+05:30  WARN 34152 --- [main] JpaBaseConfiguration$JpaWebConfiguration : spring.jpa.open-in-view is enabled by default. Therefore, database queries may be performed during view rendering. Explicitly configure spring.jpa.open-in-view to disable this warning
2025-09-25T20:46:41.153+05:30  WARN 34152 --- [main] .s.s.UserDetailsServiceAutoConfiguration : 

Using generated security password: 887ae368-29fe-4027-9379-79379492c054

This generated password is for development use only. Your security configuration must be updated before running your application in production.

2025-09-25T20:46:42.852+05:30  INFO 34152 --- [main] com.example.banking.BankingApplication   : Started BankingApplication in 9.385 seconds (process running for 9.634)
2025-09-25T20:46:49.034+05:30  INFO 34152 --- [http-nio-8080-exec-2] o.a.c.c.C.[Tomcat].[localhost].[/]       : Initializing Spring DispatcherServlet 'dispatcherServlet'
2025-09-25T20:53:06.544+05:30  WARN 34152 --- [http-nio-8080-exec-5] .w.s.m.s.DefaultHandlerExceptionResolver : Resolved [org.springframework.web.HttpRequestMethodNotSupportedException: Request method 'GET' is not supported]
2025-09-25T20:53:20.375+05:30  INFO 34152 --- [SpringApplicationShutdownHook] com.zaxxer.hikari.HikariDataSource       : HikariPool-1 - Shutdown initiated...
2025-09-25T20:53:20.654+05:30  INFO 34152 --- [SpringApplicationShutdownHook] com.zaxxer.hikari.HikariDataSource       : HikariPool-1 - Shutdown completed.
2025-09-25T20:53:22.714+05:30  INFO 34516 --- [main] com.example.banking.BankingApplication   : Starting BankingApplication using Java 21.0.7 with PID 34516 (/Users/vigneshramesh/IdeaProjects/SpringGradleDemoApp/build/classes/java/main started by vigneshramesh in /Users/vigneshramesh/IdeaProjects/SpringGradleDemoApp)
2025-09-25T20:53:22.715+05:30  INFO 34516 --- [main] com.example.banking.BankingApplication   : No active profile set, falling back to 1 default profile: "default"
2025-09-25T20:53:23.518+05:30  INFO 34516 --- [main] o.apache.catalina.core.StandardService   : Starting service [Tomcat]
2025-09-25T20:53:23.518+05:30  INFO 34516 --- [main] o.apache.catalina.core.StandardEngine    : Starting Servlet engine: [Apache Tomcat/10.1.44]
2025-09-25T20:53:23.549+05:30  INFO 34516 --- [main] o.a.c.c.C.[Tomcat].[localhost].[/]       : Initializing Spring embedded WebApplicationContext
2025-09-25T20:53:23.712+05:30  INFO 34516 --- [main] com.zaxxer.hikari.HikariDataSource       : HikariPool-1 - Starting...
2025-09-25T20:53:24.074+05:30  INFO 34516 --- [main] com.zaxxer.hikari.pool.HikariPool        : HikariPool-1 - Added connection oracle.jdbc.driver.T4CConnection@3b170235
2025-09-25T20:53:24.075+05:30  INFO 34516 --- [main] com.zaxxer.hikari.HikariDataSource       : HikariPool-1 - Start completed.
2025-09-25T20:53:24.096+05:30  INFO 34516 --- [main] liquibase.database                       : Could not set remarks reporting on OracleDatabase: com.zaxxer.hikari.pool.HikariProxyConnection.setRemarksReporting(boolean)
2025-09-25T20:53:24.986+05:30  INFO 34516 --- [main] liquibase.changelog                      : Reading from GERALT.DATABASECHANGELOG
2025-09-25T20:53:25.007+05:30  INFO 34516 --- [main] liquibase.ui                             : Database is up to date, no changesets to execute
2025-09-25T20:53:25.009+05:30  INFO 34516 --- [main] liquibase.changelog                      : Reading from GERALT.DATABASECHANGELOG
2025-09-25T20:53:25.013+05:30  INFO 34516 --- [main] liquibase.util                           : UPDATE SUMMARY
2025-09-25T20:53:25.013+05:30  INFO 34516 --- [main] liquibase.util                           : Run:                          0
2025-09-25T20:53:25.013+05:30  INFO 34516 --- [main] liquibase.util                           : Previously run:               1
2025-09-25T20:53:25.014+05:30  INFO 34516 --- [main] liquibase.util                           : Filtered out:                 0
2025-09-25T20:53:25.014+05:30  INFO 34516 --- [main] liquibase.util                           : -------------------------------
2025-09-25T20:53:25.014+05:30  INFO 34516 --- [main] liquibase.util                           : Total change sets:            1
2025-09-25T20:53:25.014+05:30  INFO 34516 --- [main] liquibase.util                           : Update summary generated
2025-09-25T20:53:25.014+05:30  INFO 34516 --- [main] liquibase.command                        : Command execution complete
2025-09-25T20:53:26.446+05:30  INFO 34516 --- [main] o.hibernate.jpa.internal.util.LogHelper  : HHH000204: Processing PersistenceUnitInfo [name: default]
2025-09-25T20:53:26.476+05:30  INFO 34516 --- [main] org.hibernate.Version                    : HHH000412: Hibernate ORM core version 6.6.26.Final
2025-09-25T20:53:26.493+05:30  INFO 34516 --- [main] o.h.c.internal.RegionFactoryInitiator    : HHH000026: Second-level cache disabled
2025-09-25T20:53:26.658+05:30  WARN 34516 --- [main] org.hibernate.orm.deprecation            : HHH90000025: OracleDialect does not need to be specified explicitly using 'hibernate.dialect' (remove the property setting and it will be selected by default)
2025-09-25T20:53:26.680+05:30  INFO 34516 --- [main] org.hibernate.orm.connections.pooling    : HHH10001005: Database info:
	Database JDBC URL [Connecting through datasource 'HikariDataSource (HikariPool-1)']
	Database driver: undefined/unknown
	Database version: 19.19
	Autocommit mode: undefined/unknown
	Isolation level: undefined/unknown
	Minimum pool size: undefined/unknown
	Maximum pool size: undefined/unknown
2025-09-25T20:53:27.095+05:30  INFO 34516 --- [main] o.h.e.t.j.p.i.JtaPlatformInitiator       : HHH000489: No JTA platform available (set 'hibernate.transaction.jta.platform' to enable JTA platform integration)
2025-09-25T20:53:27.980+05:30  WARN 34516 --- [main] JpaBaseConfiguration$JpaWebConfiguration : spring.jpa.open-in-view is enabled by default. Therefore, database queries may be performed during view rendering. Explicitly configure spring.jpa.open-in-view to disable this warning
2025-09-25T20:53:28.198+05:30  WARN 34516 --- [main] .s.s.UserDetailsServiceAutoConfiguration : 

Using generated security password: a1daecda-1161-49c6-bdba-747c6eb2f47c

This generated password is for development use only. Your security configuration must be updated before running your application in production.

2025-09-25T20:53:28.586+05:30  INFO 34516 --- [main] com.example.banking.BankingApplication   : Started BankingApplication in 6.111 seconds (process running for 6.469)
2025-09-25T20:53:39.333+05:30  INFO 34516 --- [http-nio-8080-exec-1] o.a.c.c.C.[Tomcat].[localhost].[/]       : Initializing Spring DispatcherServlet 'dispatcherServlet'
2025-09-25T20:53:39.363+05:30  WARN 34516 --- [http-nio-8080-exec-1] .w.s.m.s.DefaultHandlerExceptionResolver : Resolved [org.springframework.web.HttpRequestMethodNotSupportedException: Request method 'GET' is not supported]
2025-09-25T20:54:52.546+05:30  INFO 34516 --- [http-nio-8080-exec-4] c.e.banking.service.UpdateUserService    : Updating user with ID: 21
2025-09-25T20:54:52.822+05:30 DEBUG 34516 --- [http-nio-8080-exec-4] c.e.banking.service.UpdateUserService    : Password updated for user: Yennifer
